This is pdfTeX, Version 3.1415926-2.5-1.40.14 (TeX Live 2013/Debian) (format=pdflatex 2015.4.26)  11 MAY 2016 17:11
entering extended mode
 \write18 enabled.
 %&-line parsing enabled.
**btp_final.tex
(./btp_final.tex
LaTeX2e <2011/06/27>
Babel <3.9h> and hyphenation patterns for 78 languages loaded.
(/usr/share/texlive/texmf-dist/tex/latex/base/article.cls
Document Class: article 2007/10/19 v1.4h Standard LaTeX document class
(/usr/share/texlive/texmf-dist/tex/latex/base/size12.clo
File: size12.clo 2007/10/19 v1.4h Standard LaTeX file (size option)
)
\c@part=\count79
\c@section=\count80
\c@subsection=\count81
\c@subsubsection=\count82
\c@paragraph=\count83
\c@subparagraph=\count84
\c@figure=\count85
\c@table=\count86
\abovecaptionskip=\skip41
\belowcaptionskip=\skip42
\bibindent=\dimen102
)
(/usr/share/texlive/texmf-dist/tex/latex/base/inputenc.sty
Package: inputenc 2008/03/30 v1.1d Input encoding file
\inpenc@prehook=\toks14
\inpenc@posthook=\toks15

(/usr/share/texlive/texmf-dist/tex/latex/base/utf8.def
File: utf8.def 2008/04/05 v1.1m UTF-8 support for inputenc
Now handling font encoding OML ...
... no UTF-8 mapping file for font encoding OML
Now handling font encoding T1 ...
... processing UTF-8 mapping file for font encoding T1

(/usr/share/texlive/texmf-dist/tex/latex/base/t1enc.dfu
File: t1enc.dfu 2008/04/05 v1.1m UTF-8 support for inputenc
   defining Unicode char U+00A1 (decimal 161)
   defining Unicode char U+00A3 (decimal 163)
   defining Unicode char U+00AB (decimal 171)
   defining Unicode char U+00BB (decimal 187)
   defining Unicode char U+00BF (decimal 191)
   defining Unicode char U+00C0 (decimal 192)
   defining Unicode char U+00C1 (decimal 193)
   defining Unicode char U+00C2 (decimal 194)
   defining Unicode char U+00C3 (decimal 195)
   defining Unicode char U+00C4 (decimal 196)
   defining Unicode char U+00C5 (decimal 197)
   defining Unicode char U+00C6 (decimal 198)
   defining Unicode char U+00C7 (decimal 199)
   defining Unicode char U+00C8 (decimal 200)
   defining Unicode char U+00C9 (decimal 201)
   defining Unicode char U+00CA (decimal 202)
   defining Unicode char U+00CB (decimal 203)
   defining Unicode char U+00CC (decimal 204)
   defining Unicode char U+00CD (decimal 205)
   defining Unicode char U+00CE (decimal 206)
   defining Unicode char U+00CF (decimal 207)
   defining Unicode char U+00D0 (decimal 208)
   defining Unicode char U+00D1 (decimal 209)
   defining Unicode char U+00D2 (decimal 210)
   defining Unicode char U+00D3 (decimal 211)
   defining Unicode char U+00D4 (decimal 212)
   defining Unicode char U+00D5 (decimal 213)
   defining Unicode char U+00D6 (decimal 214)
   defining Unicode char U+00D8 (decimal 216)
   defining Unicode char U+00D9 (decimal 217)
   defining Unicode char U+00DA (decimal 218)
   defining Unicode char U+00DB (decimal 219)
   defining Unicode char U+00DC (decimal 220)
   defining Unicode char U+00DD (decimal 221)
   defining Unicode char U+00DE (decimal 222)
   defining Unicode char U+00DF (decimal 223)
   defining Unicode char U+00E0 (decimal 224)
   defining Unicode char U+00E1 (decimal 225)
   defining Unicode char U+00E2 (decimal 226)
   defining Unicode char U+00E3 (decimal 227)
   defining Unicode char U+00E4 (decimal 228)
   defining Unicode char U+00E5 (decimal 229)
   defining Unicode char U+00E6 (decimal 230)
   defining Unicode char U+00E7 (decimal 231)
   defining Unicode char U+00E8 (decimal 232)
   defining Unicode char U+00E9 (decimal 233)
   defining Unicode char U+00EA (decimal 234)
   defining Unicode char U+00EB (decimal 235)
   defining Unicode char U+00EC (decimal 236)
   defining Unicode char U+00ED (decimal 237)
   defining Unicode char U+00EE (decimal 238)
   defining Unicode char U+00EF (decimal 239)
   defining Unicode char U+00F0 (decimal 240)
   defining Unicode char U+00F1 (decimal 241)
   defining Unicode char U+00F2 (decimal 242)
   defining Unicode char U+00F3 (decimal 243)
   defining Unicode char U+00F4 (decimal 244)
   defining Unicode char U+00F5 (decimal 245)
   defining Unicode char U+00F6 (decimal 246)
   defining Unicode char U+00F8 (decimal 248)
   defining Unicode char U+00F9 (decimal 249)
   defining Unicode char U+00FA (decimal 250)
   defining Unicode char U+00FB (decimal 251)
   defining Unicode char U+00FC (decimal 252)
   defining Unicode char U+00FD (decimal 253)
   defining Unicode char U+00FE (decimal 254)
   defining Unicode char U+00FF (decimal 255)
   defining Unicode char U+0102 (decimal 258)
   defining Unicode char U+0103 (decimal 259)
   defining Unicode char U+0104 (decimal 260)
   defining Unicode char U+0105 (decimal 261)
   defining Unicode char U+0106 (decimal 262)
   defining Unicode char U+0107 (decimal 263)
   defining Unicode char U+010C (decimal 268)
   defining Unicode char U+010D (decimal 269)
   defining Unicode char U+010E (decimal 270)
   defining Unicode char U+010F (decimal 271)
   defining Unicode char U+0110 (decimal 272)
   defining Unicode char U+0111 (decimal 273)
   defining Unicode char U+0118 (decimal 280)
   defining Unicode char U+0119 (decimal 281)
   defining Unicode char U+011A (decimal 282)
   defining Unicode char U+011B (decimal 283)
   defining Unicode char U+011E (decimal 286)
   defining Unicode char U+011F (decimal 287)
   defining Unicode char U+0130 (decimal 304)
   defining Unicode char U+0131 (decimal 305)
   defining Unicode char U+0132 (decimal 306)
   defining Unicode char U+0133 (decimal 307)
   defining Unicode char U+0139 (decimal 313)
   defining Unicode char U+013A (decimal 314)
   defining Unicode char U+013D (decimal 317)
   defining Unicode char U+013E (decimal 318)
   defining Unicode char U+0141 (decimal 321)
   defining Unicode char U+0142 (decimal 322)
   defining Unicode char U+0143 (decimal 323)
   defining Unicode char U+0144 (decimal 324)
   defining Unicode char U+0147 (decimal 327)
   defining Unicode char U+0148 (decimal 328)
   defining Unicode char U+014A (decimal 330)
   defining Unicode char U+014B (decimal 331)
   defining Unicode char U+0150 (decimal 336)
   defining Unicode char U+0151 (decimal 337)
   defining Unicode char U+0152 (decimal 338)
   defining Unicode char U+0153 (decimal 339)
   defining Unicode char U+0154 (decimal 340)
   defining Unicode char U+0155 (decimal 341)
   defining Unicode char U+0158 (decimal 344)
   defining Unicode char U+0159 (decimal 345)
   defining Unicode char U+015A (decimal 346)
   defining Unicode char U+015B (decimal 347)
   defining Unicode char U+015E (decimal 350)
   defining Unicode char U+015F (decimal 351)
   defining Unicode char U+0160 (decimal 352)
   defining Unicode char U+0161 (decimal 353)
   defining Unicode char U+0162 (decimal 354)
   defining Unicode char U+0163 (decimal 355)
   defining Unicode char U+0164 (decimal 356)
   defining Unicode char U+0165 (decimal 357)
   defining Unicode char U+016E (decimal 366)
   defining Unicode char U+016F (decimal 367)
   defining Unicode char U+0170 (decimal 368)
   defining Unicode char U+0171 (decimal 369)
   defining Unicode char U+0178 (decimal 376)
   defining Unicode char U+0179 (decimal 377)
   defining Unicode char U+017A (decimal 378)
   defining Unicode char U+017B (decimal 379)
   defining Unicode char U+017C (decimal 380)
   defining Unicode char U+017D (decimal 381)
   defining Unicode char U+017E (decimal 382)
   defining Unicode char U+200C (decimal 8204)
   defining Unicode char U+2013 (decimal 8211)
   defining Unicode char U+2014 (decimal 8212)
   defining Unicode char U+2018 (decimal 8216)
   defining Unicode char U+2019 (decimal 8217)
   defining Unicode char U+201A (decimal 8218)
   defining Unicode char U+201C (decimal 8220)
   defining Unicode char U+201D (decimal 8221)
   defining Unicode char U+201E (decimal 8222)
   defining Unicode char U+2030 (decimal 8240)
   defining Unicode char U+2031 (decimal 8241)
   defining Unicode char U+2039 (decimal 8249)
   defining Unicode char U+203A (decimal 8250)
   defining Unicode char U+2423 (decimal 9251)
)
Now handling font encoding OT1 ...
... processing UTF-8 mapping file for font encoding OT1

(/usr/share/texlive/texmf-dist/tex/latex/base/ot1enc.dfu
File: ot1enc.dfu 2008/04/05 v1.1m UTF-8 support for inputenc
   defining Unicode char U+00A1 (decimal 161)
   defining Unicode char U+00A3 (decimal 163)
   defining Unicode char U+00B8 (decimal 184)
   defining Unicode char U+00BF (decimal 191)
   defining Unicode char U+00C5 (decimal 197)
   defining Unicode char U+00C6 (decimal 198)
   defining Unicode char U+00D8 (decimal 216)
   defining Unicode char U+00DF (decimal 223)
   defining Unicode char U+00E6 (decimal 230)
   defining Unicode char U+00EC (decimal 236)
   defining Unicode char U+00ED (decimal 237)
   defining Unicode char U+00EE (decimal 238)
   defining Unicode char U+00EF (decimal 239)
   defining Unicode char U+00F8 (decimal 248)
   defining Unicode char U+0131 (decimal 305)
   defining Unicode char U+0141 (decimal 321)
   defining Unicode char U+0142 (decimal 322)
   defining Unicode char U+0152 (decimal 338)
   defining Unicode char U+0153 (decimal 339)
   defining Unicode char U+2013 (decimal 8211)
   defining Unicode char U+2014 (decimal 8212)
   defining Unicode char U+2018 (decimal 8216)
   defining Unicode char U+2019 (decimal 8217)
   defining Unicode char U+201C (decimal 8220)
   defining Unicode char U+201D (decimal 8221)
)
Now handling font encoding OMS ...
... processing UTF-8 mapping file for font encoding OMS

(/usr/share/texlive/texmf-dist/tex/latex/base/omsenc.dfu
File: omsenc.dfu 2008/04/05 v1.1m UTF-8 support for inputenc
   defining Unicode char U+00A7 (decimal 167)
   defining Unicode char U+00B6 (decimal 182)
   defining Unicode char U+00B7 (decimal 183)
   defining Unicode char U+2020 (decimal 8224)
   defining Unicode char U+2021 (decimal 8225)
   defining Unicode char U+2022 (decimal 8226)
)
Now handling font encoding OMX ...
... no UTF-8 mapping file for font encoding OMX
Now handling font encoding U ...
... no UTF-8 mapping file for font encoding U
   defining Unicode char U+00A9 (decimal 169)
   defining Unicode char U+00AA (decimal 170)
   defining Unicode char U+00AE (decimal 174)
   defining Unicode char U+00BA (decimal 186)
   defining Unicode char U+02C6 (decimal 710)
   defining Unicode char U+02DC (decimal 732)
   defining Unicode char U+200C (decimal 8204)
   defining Unicode char U+2026 (decimal 8230)
   defining Unicode char U+2122 (decimal 8482)
   defining Unicode char U+2423 (decimal 9251)
))
(/usr/share/texlive/texmf-dist/tex/latex/amsmath/amsmath.sty
Package: amsmath 2013/01/14 v2.14 AMS math features
\@mathmargin=\skip43

For additional information on amsmath, use the `?' option.
(/usr/share/texlive/texmf-dist/tex/latex/amsmath/amstext.sty
Package: amstext 2000/06/29 v2.01

(/usr/share/texlive/texmf-dist/tex/latex/amsmath/amsgen.sty
File: amsgen.sty 1999/11/30 v2.0
\@emptytoks=\toks16
\ex@=\dimen103
))
(/usr/share/texlive/texmf-dist/tex/latex/amsmath/amsbsy.sty
Package: amsbsy 1999/11/29 v1.2d
\pmbraise@=\dimen104
)
(/usr/share/texlive/texmf-dist/tex/latex/amsmath/amsopn.sty
Package: amsopn 1999/12/14 v2.01 operator names
)
\inf@bad=\count87
LaTeX Info: Redefining \frac on input line 210.
\uproot@=\count88
\leftroot@=\count89
LaTeX Info: Redefining \overline on input line 306.
\classnum@=\count90
\DOTSCASE@=\count91
LaTeX Info: Redefining \ldots on input line 378.
LaTeX Info: Redefining \dots on input line 381.
LaTeX Info: Redefining \cdots on input line 466.
\Mathstrutbox@=\box26
\strutbox@=\box27
\big@size=\dimen105
LaTeX Font Info:    Redeclaring font encoding OML on input line 566.
LaTeX Font Info:    Redeclaring font encoding OMS on input line 567.
\macc@depth=\count92
\c@MaxMatrixCols=\count93
\dotsspace@=\muskip10
\c@parentequation=\count94
\dspbrk@lvl=\count95
\tag@help=\toks17
\row@=\count96
\column@=\count97
\maxfields@=\count98
\andhelp@=\toks18
\eqnshift@=\dimen106
\alignsep@=\dimen107
\tagshift@=\dimen108
\tagwidth@=\dimen109
\totwidth@=\dimen110
\lineht@=\dimen111
\@envbody=\toks19
\multlinegap=\skip44
\multlinetaggap=\skip45
\mathdisplay@stack=\toks20
LaTeX Info: Redefining \[ on input line 2665.
LaTeX Info: Redefining \] on input line 2666.
)
(/usr/share/texlive/texmf-dist/tex/latex/amscls/amsthm.sty
Package: amsthm 2004/08/06 v2.20
\thm@style=\toks21
\thm@bodyfont=\toks22
\thm@headfont=\toks23
\thm@notefont=\toks24
\thm@headpunct=\toks25
\thm@preskip=\skip46
\thm@postskip=\skip47
\thm@headsep=\skip48
\dth@everypar=\toks26
)
(/usr/share/texlive/texmf-dist/tex/latex/jknapltx/mathrsfs.sty
Package: mathrsfs 1996/01/01 Math RSFS package v1.0 (jk)
\symrsfs=\mathgroup4
)
(/usr/share/texlive/texmf-dist/tex/generic/babel/babel.sty
Package: babel 2013/12/03 3.9h The Babel package

(/usr/share/texlive/texmf-dist/tex/generic/babel-english/english.ldf
Language: english 2012/08/20 v3.3p English support from the babel system

(/usr/share/texlive/texmf-dist/tex/generic/babel/babel.def
File: babel.def 2013/12/03 3.9h Babel common definitions
\babel@savecnt=\count99
\U@D=\dimen112
)
\l@canadian = a dialect from \language\l@american 
\l@australian = a dialect from \language\l@british 
\l@newzealand = a dialect from \language\l@british 
))
(/usr/share/texlive/texmf-dist/tex/latex/base/textcomp.sty
Package: textcomp 2005/09/27 v1.99g Standard LaTeX package
Package textcomp Info: Sub-encoding information:
(textcomp)               5 = only ISO-Adobe without \textcurrency
(textcomp)               4 = 5 + \texteuro
(textcomp)               3 = 4 + \textohm
(textcomp)               2 = 3 + \textestimated + \textcurrency
(textcomp)               1 = TS1 - \textcircled - \t
(textcomp)               0 = TS1 (full)
(textcomp)             Font families with sub-encoding setting implement
(textcomp)             only a restricted character set as indicated.
(textcomp)             Family '?' is the default used for unknown fonts.
(textcomp)             See the documentation for details.
Package textcomp Info: Setting ? sub-encoding to TS1/1 on input line 71.

(/usr/share/texlive/texmf-dist/tex/latex/base/ts1enc.def
File: ts1enc.def 2001/06/05 v3.0e (jk/car/fm) Standard LaTeX file
Now handling font encoding TS1 ...
... processing UTF-8 mapping file for font encoding TS1

(/usr/share/texlive/texmf-dist/tex/latex/base/ts1enc.dfu
File: ts1enc.dfu 2008/04/05 v1.1m UTF-8 support for inputenc
   defining Unicode char U+00A2 (decimal 162)
   defining Unicode char U+00A3 (decimal 163)
   defining Unicode char U+00A4 (decimal 164)
   defining Unicode char U+00A5 (decimal 165)
   defining Unicode char U+00A6 (decimal 166)
   defining Unicode char U+00A7 (decimal 167)
   defining Unicode char U+00A8 (decimal 168)
   defining Unicode char U+00A9 (decimal 169)
   defining Unicode char U+00AA (decimal 170)
   defining Unicode char U+00AC (decimal 172)
   defining Unicode char U+00AE (decimal 174)
   defining Unicode char U+00AF (decimal 175)
   defining Unicode char U+00B0 (decimal 176)
   defining Unicode char U+00B1 (decimal 177)
   defining Unicode char U+00B2 (decimal 178)
   defining Unicode char U+00B3 (decimal 179)
   defining Unicode char U+00B4 (decimal 180)
   defining Unicode char U+00B5 (decimal 181)
   defining Unicode char U+00B6 (decimal 182)
   defining Unicode char U+00B7 (decimal 183)
   defining Unicode char U+00B9 (decimal 185)
   defining Unicode char U+00BA (decimal 186)
   defining Unicode char U+00BC (decimal 188)
   defining Unicode char U+00BD (decimal 189)
   defining Unicode char U+00BE (decimal 190)
   defining Unicode char U+00D7 (decimal 215)
   defining Unicode char U+00F7 (decimal 247)
   defining Unicode char U+0192 (decimal 402)
   defining Unicode char U+02C7 (decimal 711)
   defining Unicode char U+02D8 (decimal 728)
   defining Unicode char U+02DD (decimal 733)
   defining Unicode char U+0E3F (decimal 3647)
   defining Unicode char U+2016 (decimal 8214)
   defining Unicode char U+2020 (decimal 8224)
   defining Unicode char U+2021 (decimal 8225)
   defining Unicode char U+2022 (decimal 8226)
   defining Unicode char U+2030 (decimal 8240)
   defining Unicode char U+2031 (decimal 8241)
   defining Unicode char U+203B (decimal 8251)
   defining Unicode char U+203D (decimal 8253)
   defining Unicode char U+2044 (decimal 8260)
   defining Unicode char U+204E (decimal 8270)
   defining Unicode char U+2052 (decimal 8274)
   defining Unicode char U+20A1 (decimal 8353)
   defining Unicode char U+20A4 (decimal 8356)
   defining Unicode char U+20A6 (decimal 8358)
   defining Unicode char U+20A9 (decimal 8361)
   defining Unicode char U+20AB (decimal 8363)
   defining Unicode char U+20AC (decimal 8364)
   defining Unicode char U+20B1 (decimal 8369)
   defining Unicode char U+2103 (decimal 8451)
   defining Unicode char U+2116 (decimal 8470)
   defining Unicode char U+2117 (decimal 8471)
   defining Unicode char U+211E (decimal 8478)
   defining Unicode char U+2120 (decimal 8480)
   defining Unicode char U+2122 (decimal 8482)
   defining Unicode char U+2126 (decimal 8486)
   defining Unicode char U+2127 (decimal 8487)
   defining Unicode char U+212E (decimal 8494)
   defining Unicode char U+2190 (decimal 8592)
   defining Unicode char U+2191 (decimal 8593)
   defining Unicode char U+2192 (decimal 8594)
   defining Unicode char U+2193 (decimal 8595)
   defining Unicode char U+2329 (decimal 9001)
   defining Unicode char U+232A (decimal 9002)
   defining Unicode char U+2422 (decimal 9250)
   defining Unicode char U+25E6 (decimal 9702)
   defining Unicode char U+25EF (decimal 9711)
   defining Unicode char U+266A (decimal 9834)
))
LaTeX Info: Redefining \oldstylenums on input line 266.
Package textcomp Info: Setting cmr sub-encoding to TS1/0 on input line 281.
Package textcomp Info: Setting cmss sub-encoding to TS1/0 on input line 282.
Package textcomp Info: Setting cmtt sub-encoding to TS1/0 on input line 283.
Package textcomp Info: Setting cmvtt sub-encoding to TS1/0 on input line 284.
Package textcomp Info: Setting cmbr sub-encoding to TS1/0 on input line 285.
Package textcomp Info: Setting cmtl sub-encoding to TS1/0 on input line 286.
Package textcomp Info: Setting ccr sub-encoding to TS1/0 on input line 287.
Package textcomp Info: Setting ptm sub-encoding to TS1/4 on input line 288.
Package textcomp Info: Setting pcr sub-encoding to TS1/4 on input line 289.
Package textcomp Info: Setting phv sub-encoding to TS1/4 on input line 290.
Package textcomp Info: Setting ppl sub-encoding to TS1/3 on input line 291.
Package textcomp Info: Setting pag sub-encoding to TS1/4 on input line 292.
Package textcomp Info: Setting pbk sub-encoding to TS1/4 on input line 293.
Package textcomp Info: Setting pnc sub-encoding to TS1/4 on input line 294.
Package textcomp Info: Setting pzc sub-encoding to TS1/4 on input line 295.
Package textcomp Info: Setting bch sub-encoding to TS1/4 on input line 296.
Package textcomp Info: Setting put sub-encoding to TS1/5 on input line 297.
Package textcomp Info: Setting uag sub-encoding to TS1/5 on input line 298.
Package textcomp Info: Setting ugq sub-encoding to TS1/5 on input line 299.
Package textcomp Info: Setting ul8 sub-encoding to TS1/4 on input line 300.
Package textcomp Info: Setting ul9 sub-encoding to TS1/4 on input line 301.
Package textcomp Info: Setting augie sub-encoding to TS1/5 on input line 302.
Package textcomp Info: Setting dayrom sub-encoding to TS1/3 on input line 303.
Package textcomp Info: Setting dayroms sub-encoding to TS1/3 on input line 304.

Package textcomp Info: Setting pxr sub-encoding to TS1/0 on input line 305.
Package textcomp Info: Setting pxss sub-encoding to TS1/0 on input line 306.
Package textcomp Info: Setting pxtt sub-encoding to TS1/0 on input line 307.
Package textcomp Info: Setting txr sub-encoding to TS1/0 on input line 308.
Package textcomp Info: Setting txss sub-encoding to TS1/0 on input line 309.
Package textcomp Info: Setting txtt sub-encoding to TS1/0 on input line 310.
Package textcomp Info: Setting lmr sub-encoding to TS1/0 on input line 311.
Package textcomp Info: Setting lmdh sub-encoding to TS1/0 on input line 312.
Package textcomp Info: Setting lmss sub-encoding to TS1/0 on input line 313.
Package textcomp Info: Setting lmssq sub-encoding to TS1/0 on input line 314.
Package textcomp Info: Setting lmvtt sub-encoding to TS1/0 on input line 315.
Package textcomp Info: Setting qhv sub-encoding to TS1/0 on input line 316.
Package textcomp Info: Setting qag sub-encoding to TS1/0 on input line 317.
Package textcomp Info: Setting qbk sub-encoding to TS1/0 on input line 318.
Package textcomp Info: Setting qcr sub-encoding to TS1/0 on input line 319.
Package textcomp Info: Setting qcs sub-encoding to TS1/0 on input line 320.
Package textcomp Info: Setting qpl sub-encoding to TS1/0 on input line 321.
Package textcomp Info: Setting qtm sub-encoding to TS1/0 on input line 322.
Package textcomp Info: Setting qzc sub-encoding to TS1/0 on input line 323.
Package textcomp Info: Setting qhvc sub-encoding to TS1/0 on input line 324.
Package textcomp Info: Setting futs sub-encoding to TS1/4 on input line 325.
Package textcomp Info: Setting futx sub-encoding to TS1/4 on input line 326.
Package textcomp Info: Setting futj sub-encoding to TS1/4 on input line 327.
Package textcomp Info: Setting hlh sub-encoding to TS1/3 on input line 328.
Package textcomp Info: Setting hls sub-encoding to TS1/3 on input line 329.
Package textcomp Info: Setting hlst sub-encoding to TS1/3 on input line 330.
Package textcomp Info: Setting hlct sub-encoding to TS1/5 on input line 331.
Package textcomp Info: Setting hlx sub-encoding to TS1/5 on input line 332.
Package textcomp Info: Setting hlce sub-encoding to TS1/5 on input line 333.
Package textcomp Info: Setting hlcn sub-encoding to TS1/5 on input line 334.
Package textcomp Info: Setting hlcw sub-encoding to TS1/5 on input line 335.
Package textcomp Info: Setting hlcf sub-encoding to TS1/5 on input line 336.
Package textcomp Info: Setting pplx sub-encoding to TS1/3 on input line 337.
Package textcomp Info: Setting pplj sub-encoding to TS1/3 on input line 338.
Package textcomp Info: Setting ptmx sub-encoding to TS1/4 on input line 339.
Package textcomp Info: Setting ptmj sub-encoding to TS1/4 on input line 340.
)
(/usr/share/texlive/texmf-dist/tex/latex/graphics/graphicx.sty
Package: graphicx 1999/02/16 v1.0f Enhanced LaTeX Graphics (DPC,SPQR)

(/usr/share/texlive/texmf-dist/tex/latex/graphics/keyval.sty
Package: keyval 1999/03/16 v1.13 key=value parser (DPC)
\KV@toks@=\toks27
)
(/usr/share/texlive/texmf-dist/tex/latex/graphics/graphics.sty
Package: graphics 2009/02/05 v1.0o Standard LaTeX Graphics (DPC,SPQR)

(/usr/share/texlive/texmf-dist/tex/latex/graphics/trig.sty
Package: trig 1999/03/16 v1.09 sin cos tan (DPC)
)
(/usr/share/texlive/texmf-dist/tex/latex/latexconfig/graphics.cfg
File: graphics.cfg 2010/04/23 v1.9 graphics configuration of TeX Live
)
Package graphics Info: Driver file: pdftex.def on input line 91.

(/usr/share/texlive/texmf-dist/tex/latex/pdftex-def/pdftex.def
File: pdftex.def 2011/05/27 v0.06d Graphics/color for pdfTeX

(/usr/share/texlive/texmf-dist/tex/generic/oberdiek/infwarerr.sty
Package: infwarerr 2010/04/08 v1.3 Providing info/warning/error messages (HO)
)
(/usr/share/texlive/texmf-dist/tex/generic/oberdiek/ltxcmds.sty
Package: ltxcmds 2011/11/09 v1.22 LaTeX kernel commands for general use (HO)
)
\Gread@gobject=\count100
))
\Gin@req@height=\dimen113
\Gin@req@width=\dimen114
)
(/usr/share/texlive/texmf-dist/tex/latex/wrapfig/wrapfig.sty
\wrapoverhang=\dimen115
\WF@size=\dimen116
\c@WF@wrappedlines=\count101
\WF@box=\box28
\WF@everypar=\toks28
Package: wrapfig 2003/01/31  v 3.6
)
(/usr/share/texlive/texmf-dist/tex/latex/amsfonts/amssymb.sty
Package: amssymb 2013/01/14 v3.01 AMS font symbols

(/usr/share/texlive/texmf-dist/tex/latex/amsfonts/amsfonts.sty
Package: amsfonts 2013/01/14 v3.01 Basic AMSFonts support
\symAMSa=\mathgroup5
\symAMSb=\mathgroup6
LaTeX Font Info:    Overwriting math alphabet `\mathfrak' in version `bold'
(Font)                  U/euf/m/n --> U/euf/b/n on input line 106.
))
(/usr/share/texlive/texmf-dist/tex/latex/tools/calc.sty
Package: calc 2007/08/22 v4.3 Infix arithmetic (KKT,FJ)
\calc@Acount=\count102
\calc@Bcount=\count103
\calc@Adimen=\dimen117
\calc@Bdimen=\dimen118
\calc@Askip=\skip49
\calc@Bskip=\skip50
LaTeX Info: Redefining \setlength on input line 76.
LaTeX Info: Redefining \addtolength on input line 77.
\calc@Ccount=\count104
\calc@Cskip=\skip51
)
(/usr/share/texlive/texmf-dist/tex/latex/rotating/rotating.sty
Package: rotating 2009/03/28 v2.16a rotated objects in LaTeX

(/usr/share/texlive/texmf-dist/tex/latex/base/ifthen.sty
Package: ifthen 2001/05/26 v1.1c Standard LaTeX ifthen package (DPC)
)
\c@r@tfl@t=\count105
\rotFPtop=\skip52
\rotFPbot=\skip53
\rot@float@box=\box29
\rot@mess@toks=\toks29
)
(/usr/share/texlive/texmf-dist/tex/latex/graphics/color.sty
Package: color 2005/11/14 v1.0j Standard LaTeX Color (DPC)

(/usr/share/texlive/texmf-dist/tex/latex/latexconfig/color.cfg
File: color.cfg 2007/01/18 v1.5 color configuration of teTeX/TeXLive
)
Package color Info: Driver file: pdftex.def on input line 130.

(/usr/share/texlive/texmf-dist/tex/latex/graphics/dvipsnam.def
File: dvipsnam.def 1999/02/16 v3.0i Driver-dependant file (DPC,SPQR)
))
(/usr/share/texlive/texmf-dist/tex/latex/fancyhdr/fancyhdr.sty
\fancy@headwidth=\skip54
\f@ncyO@elh=\skip55
\f@ncyO@erh=\skip56
\f@ncyO@olh=\skip57
\f@ncyO@orh=\skip58
\f@ncyO@elf=\skip59
\f@ncyO@erf=\skip60
\f@ncyO@olf=\skip61
\f@ncyO@orf=\skip62
)
(/usr/share/texlive/texmf-dist/tex/latex/hyperref/hyperref.sty
Package: hyperref 2012/11/06 v6.83m Hypertext links for LaTeX

(/usr/share/texlive/texmf-dist/tex/generic/oberdiek/hobsub-hyperref.sty
Package: hobsub-hyperref 2012/05/28 v1.13 Bundle oberdiek, subset hyperref (HO)


(/usr/share/texlive/texmf-dist/tex/generic/oberdiek/hobsub-generic.sty
Package: hobsub-generic 2012/05/28 v1.13 Bundle oberdiek, subset generic (HO)
Package: hobsub 2012/05/28 v1.13 Construct package bundles (HO)
Package hobsub Info: Skipping package `infwarerr' (already loaded).
Package hobsub Info: Skipping package `ltxcmds' (already loaded).
Package: ifluatex 2010/03/01 v1.3 Provides the ifluatex switch (HO)
Package ifluatex Info: LuaTeX not detected.
Package: ifvtex 2010/03/01 v1.5 Detect VTeX and its facilities (HO)
Package ifvtex Info: VTeX not detected.
Package: intcalc 2007/09/27 v1.1 Expandable calculations with integers (HO)
Package: ifpdf 2011/01/30 v2.3 Provides the ifpdf switch (HO)
Package ifpdf Info: pdfTeX in PDF mode is detected.
Package: etexcmds 2011/02/16 v1.5 Avoid name clashes with e-TeX commands (HO)
Package etexcmds Info: Could not find \expanded.
(etexcmds)             That can mean that you are not using pdfTeX 1.50 or
(etexcmds)             that some package has redefined \expanded.
(etexcmds)             In the latter case, load this package earlier.
Package: kvsetkeys 2012/04/25 v1.16 Key value parser (HO)
Package: kvdefinekeys 2011/04/07 v1.3 Define keys (HO)
Package: pdftexcmds 2011/11/29 v0.20 Utility functions of pdfTeX for LuaTeX (HO
)
Package pdftexcmds Info: LuaTeX not detected.
Package pdftexcmds Info: \pdf@primitive is available.
Package pdftexcmds Info: \pdf@ifprimitive is available.
Package pdftexcmds Info: \pdfdraftmode found.
Package: pdfescape 2011/11/25 v1.13 Implements pdfTeX's escape features (HO)
Package: bigintcalc 2012/04/08 v1.3 Expandable calculations on big integers (HO
)
Package: bitset 2011/01/30 v1.1 Handle bit-vector datatype (HO)
Package: uniquecounter 2011/01/30 v1.2 Provide unlimited unique counter (HO)
)
Package hobsub Info: Skipping package `hobsub' (already loaded).
Package: letltxmacro 2010/09/02 v1.4 Let assignment for LaTeX macros (HO)
Package: hopatch 2012/05/28 v1.2 Wrapper for package hooks (HO)
Package: xcolor-patch 2011/01/30 xcolor patch
Package: atveryend 2011/06/30 v1.8 Hooks at the very end of document (HO)
Package atveryend Info: \enddocument detected (standard20110627).
Package: atbegshi 2011/10/05 v1.16 At begin shipout hook (HO)
Package: refcount 2011/10/16 v3.4 Data extraction from label references (HO)
Package: hycolor 2011/01/30 v1.7 Color options for hyperref/bookmark (HO)
)
(/usr/share/texlive/texmf-dist/tex/generic/ifxetex/ifxetex.sty
Package: ifxetex 2010/09/12 v0.6 Provides ifxetex conditional
)
(/usr/share/texlive/texmf-dist/tex/latex/oberdiek/auxhook.sty
Package: auxhook 2011/03/04 v1.3 Hooks for auxiliary files (HO)
)
(/usr/share/texlive/texmf-dist/tex/latex/oberdiek/kvoptions.sty
Package: kvoptions 2011/06/30 v3.11 Key value format for package options (HO)
)
\@linkdim=\dimen119
\Hy@linkcounter=\count106
\Hy@pagecounter=\count107

(/usr/share/texlive/texmf-dist/tex/latex/hyperref/pd1enc.def
File: pd1enc.def 2012/11/06 v6.83m Hyperref: PDFDocEncoding definition (HO)
Now handling font encoding PD1 ...
... no UTF-8 mapping file for font encoding PD1
)
\Hy@SavedSpaceFactor=\count108

(/usr/share/texlive/texmf-dist/tex/latex/latexconfig/hyperref.cfg
File: hyperref.cfg 2002/06/06 v1.2 hyperref configuration of TeXLive
)
Package hyperref Info: Hyper figures OFF on input line 4443.
Package hyperref Info: Link nesting OFF on input line 4448.
Package hyperref Info: Hyper index ON on input line 4451.
Package hyperref Info: Plain pages OFF on input line 4458.
Package hyperref Info: Backreferencing OFF on input line 4463.
Package hyperref Info: Implicit mode ON; LaTeX internals redefined.
Package hyperref Info: Bookmarks ON on input line 4688.
\c@Hy@tempcnt=\count109

(/usr/share/texlive/texmf-dist/tex/latex/url/url.sty
\Urlmuskip=\muskip11
Package: url 2013/09/16  ver 3.4  Verb mode for urls, etc.
)
LaTeX Info: Redefining \url on input line 5041.
\XeTeXLinkMargin=\dimen120
\Fld@menulength=\count110
\Field@Width=\dimen121
\Fld@charsize=\dimen122
Package hyperref Info: Hyper figures OFF on input line 6295.
Package hyperref Info: Link nesting OFF on input line 6300.
Package hyperref Info: Hyper index ON on input line 6303.
Package hyperref Info: backreferencing OFF on input line 6310.
Package hyperref Info: Link coloring OFF on input line 6315.
Package hyperref Info: Link coloring with OCG OFF on input line 6320.
Package hyperref Info: PDF/A mode OFF on input line 6325.
LaTeX Info: Redefining \ref on input line 6365.
LaTeX Info: Redefining \pageref on input line 6369.
\Hy@abspage=\count111
\c@Item=\count112
\c@Hfootnote=\count113
)

Package hyperref Message: Driver (autodetected): hpdftex.

(/usr/share/texlive/texmf-dist/tex/latex/hyperref/hpdftex.def
File: hpdftex.def 2012/11/06 v6.83m Hyperref driver for pdfTeX
\Fld@listcount=\count114
\c@bookmark@seq@number=\count115

(/usr/share/texlive/texmf-dist/tex/latex/oberdiek/rerunfilecheck.sty
Package: rerunfilecheck 2011/04/15 v1.7 Rerun checks for auxiliary files (HO)
Package uniquecounter Info: New unique counter `rerunfilecheck' on input line 2
82.
)
\Hy@SectionHShift=\skip63
)
(/usr/share/texlive/texmf-dist/tex/latex/tools/longtable.sty
Package: longtable 2004/02/01 v4.11 Multi-page Table package (DPC)
\LTleft=\skip64
\LTright=\skip65
\LTpre=\skip66
\LTpost=\skip67
\LTchunksize=\count116
\LTcapwidth=\dimen123
\LT@head=\box30
\LT@firsthead=\box31
\LT@foot=\box32
\LT@lastfoot=\box33
\LT@cols=\count117
\LT@rows=\count118
\c@LT@tables=\count119
\c@LT@chunks=\count120
\LT@p@ftn=\toks30
)
(/usr/share/texlive/texmf-dist/tex/latex/svg/svg.sty
Package: svg 2012/09/05 v1.0 SVG inclusion and extraction

(/usr/share/texlive/texmf-dist/tex/latex/xkeyval/xkeyval.sty
Package: xkeyval 2012/10/14 v2.6b package option processing (HA)

(/usr/share/texlive/texmf-dist/tex/generic/xkeyval/xkeyval.tex
\XKV@toks=\toks31
\XKV@tempa@toks=\toks32
\XKV@depth=\count121
File: xkeyval.tex 2012/10/14 v2.6b key=value parser (HA)
))
(/usr/share/texlive/texmf-dist/tex/latex/subfig/subfig.sty
Package: subfig 2005/06/28 ver: 1.3 subfig package

(/usr/share/texlive/texmf-dist/tex/latex/caption/caption.sty
Package: caption 2013/05/02 v3.3-89 Customizing captions (AR)

(/usr/share/texlive/texmf-dist/tex/latex/caption/caption3.sty
Package: caption3 2013/05/02 v1.6-88 caption3 kernel (AR)
Package caption3 Info: TeX engine: e-TeX on input line 57.
\captionmargin=\dimen124
\captionmargin@=\dimen125
\captionwidth=\dimen126
\caption@tempdima=\dimen127
\caption@indent=\dimen128
\caption@parindent=\dimen129
\caption@hangindent=\dimen130
)
\c@ContinuedFloat=\count122
Package caption Info: hyperref package is loaded.
Package caption Info: longtable package is loaded.

(/usr/share/texlive/texmf-dist/tex/latex/caption/ltcaption.sty
Package: ltcaption 2013/02/03 v1.3-62 longtable captions (AR)
)
Package caption Info: rotating package is loaded.
Package caption Info: wrapfig package is loaded.
)
\c@KVtest=\count123
\sf@farskip=\skip68
\sf@captopadj=\dimen131
\sf@capskip=\skip69
\sf@nearskip=\skip70
\c@subfigure=\count124
\c@subfigure@save=\count125
\c@lofdepth=\count126
\c@subtable=\count127
\c@subtable@save=\count128
\c@lotdepth=\count129
\sf@top=\skip71
\sf@bottom=\skip72
)
(/usr/share/texlive/texmf-dist/tex/latex/import/import.sty
Package: import 2009/03/23  v 5.1
)
(/usr/share/texlive/texmf-dist/tex/latex/oberdiek/transparent.sty
Package: transparent 2007/01/08 v1.0 Transparency via pdfTeX's color stack (HO)

)
(/usr/share/texmf/tex/latex/xcolor/xcolor.sty
Package: xcolor 2007/01/21 v2.11 LaTeX color extensions (UK)

(/usr/share/texlive/texmf-dist/tex/latex/latexconfig/color.cfg
File: color.cfg 2007/01/18 v1.5 color configuration of teTeX/TeXLive
)
Package xcolor Info: Driver file: pdftex.def on input line 225.
LaTeX Info: Redefining \color on input line 702.
Package xcolor Info: Model `cmy' substituted by `cmy0' on input line 1337.
Package xcolor Info: Model `hsb' substituted by `rgb' on input line 1341.
Package xcolor Info: Model `RGB' extended on input line 1353.
Package xcolor Info: Model `HTML' substituted by `rgb' on input line 1355.
Package xcolor Info: Model `Hsb' substituted by `hsb' on input line 1356.
Package xcolor Info: Model `tHsb' substituted by `hsb' on input line 1357.
Package xcolor Info: Model `HSB' substituted by `hsb' on input line 1358.
Package xcolor Info: Model `Gray' substituted by `gray' on input line 1359.
Package xcolor Info: Model `wave' substituted by `hsb' on input line 1360.
)
\SVG@out@width=\skip73
\SVG@out@height=\skip74
\c@svgfigure=\count130
)
(/usr/share/texlive/texmf-dist/tex/latex/float/float.sty
Package: float 2001/11/08 v1.3d Float enhancements (AL)
\c@float@type=\count131
\float@exts=\toks33
\float@box=\box34
\@float@everytoks=\toks34
\@floatcapt=\box35
)
(/usr/share/texlive/texmf-dist/tex/latex/biblatex/biblatex.sty
Package: biblatex 2013/11/25 v2.8a programmable bibliographies (PK/JW/AB)

(/usr/share/texlive/texmf-dist/tex/latex/biblatex/biblatex1.sty
Package: biblatex1 2013/11/25 v2.8a programmable bibliographies (bibtex) (PK/JW
/AB)

(/usr/share/texlive/texmf-dist/tex/latex/etoolbox/etoolbox.sty
Package: etoolbox 2011/01/03 v2.1 e-TeX tools for LaTeX

(/usr/share/texlive/texmf-dist/tex/latex/etex-pkg/etex.sty
Package: etex 1998/03/26 v2.0 eTeX basic definition package (PEB)
\et@xins=\count132
)
\etb@tempcnta=\count133
)
(/usr/share/texlive/texmf-dist/tex/latex/logreq/logreq.sty
Package: logreq 2010/08/04 v1.0 xml request logger
\lrq@indent=\count134

(/usr/share/texlive/texmf-dist/tex/latex/logreq/logreq.def
File: logreq.def 2010/08/04 v1.0 logreq spec v1.0
))
\c@tabx@nest=\count135
\c@listtotal=\count136
\c@listcount=\count137
\c@liststart=\count138
\c@liststop=\count139
\c@citecount=\count140
\c@citetotal=\count141
\c@multicitecount=\count142
\c@multicitetotal=\count143
\c@instcount=\count144
\c@maxnames=\count145
\c@minnames=\count146
\c@maxitems=\count147
\c@minitems=\count148
\c@citecounter=\count149
\c@savedcitecounter=\count150
\c@uniquelist=\count151
\c@uniquename=\count152
\c@refsection=\count153
\c@refsegment=\count154
\c@maxextrayear=\count155
\c@maxextraalpha=\count156
\c@abbrvpenalty=\count157
\c@highnamepenalty=\count158
\c@lownamepenalty=\count159
\c@maxparens=\count160
\c@parenlevel=\count161
\blx@tempcnta=\count162
\blx@tempcntb=\count163
\blx@tempcntc=\count164
\blx@maxsection=\count165
\blx@maxsegment=\count166
\blx@notetype=\count167
\blx@parenlevel@text=\count168
\blx@parenlevel@foot=\count169
\labelnumberwidth=\skip75
\labelalphawidth=\skip76
\shorthandwidth=\skip77
\biblabelsep=\skip78
\bibitemsep=\skip79
\bibnamesep=\skip80
\bibinitsep=\skip81
\bibparsep=\skip82
\bibhang=\skip83
\blx@auxin=\read1
\blx@auxout=\write3
\c@mincomprange=\count170
\c@maxcomprange=\count171
\c@mincompwidth=\count172
\c@labelname=\count173
\c@savedlabelname=\count174
\c@author=\count175
\c@savedauthor=\count176
\c@shortauthor=\count177
\c@savedshortauthor=\count178
\c@editor=\count179
\c@savededitor=\count180
\c@editora=\count181
\c@savededitora=\count182
\c@editorb=\count183
\c@savededitorb=\count184
\c@editorc=\count185
\c@savededitorc=\count186
\c@shorteditor=\count187
\c@savedshorteditor=\count188
\c@bookauthor=\count189
\c@savedbookauthor=\count190
\c@translator=\count191
\c@savedtranslator=\count192
\c@annotator=\count193
\c@savedannotator=\count194
\c@commentator=\count195
\c@savedcommentator=\count196
\c@introduction=\count197
\c@savedintroduction=\count198
\c@foreword=\count199
\c@savedforeword=\count200
\c@afterword=\count201
\c@savedafterword=\count202
\c@holder=\count203
\c@savedholder=\count204
\c@namea=\count205
\c@savednamea=\count206
\c@nameb=\count207
\c@savednameb=\count208
\c@namec=\count209
\c@savednamec=\count210
\c@institution=\count211
\c@savedinstitution=\count212
\c@language=\count213
\c@savedlanguage=\count214
\c@location=\count215
\c@savedlocation=\count216
\c@organization=\count217
\c@savedorganization=\count218
\c@origlocation=\count219
\c@savedoriglocation=\count220
\c@origpublisher=\count221
\c@savedorigpublisher=\count222
\c@pageref=\count223
\c@savedpageref=\count224
\c@publisher=\count225
\c@savedpublisher=\count226
\c@lista=\count227
\c@savedlista=\count228
\c@listb=\count229
\c@savedlistb=\count230
\c@listc=\count231
\c@savedlistc=\count232
\c@listd=\count233
Normal \count register pool exhausted, switching to extended pool.
\c@savedlistd=\count277
\c@liste=\count278
\c@savedliste=\count279
\c@listf=\count280
\c@savedlistf=\count281
Package biblatex Info: Trying to load compatibility code...
Package biblatex Info: ... file 'blx-compat.def' found.

(/usr/share/texlive/texmf-dist/tex/latex/biblatex/blx-compat.def
File: blx-compat.def 2013/11/25 v2.8a biblatex compatibility (PK/JW/AB)
)
Package biblatex Info: Trying to load generic definitions...
Package biblatex Info: ... file 'biblatex.def' found.

(/usr/share/texlive/texmf-dist/tex/latex/biblatex/biblatex.def
File: biblatex.def 
\c@textcitecount=\count282
\c@textcitetotal=\count283
\c@textcitemaxnames=\count284
\c@biburlnumpenalty=\count285
\c@biburlucpenalty=\count286
\c@biburllcpenalty=\count287
\c@smartand=\count288
)
Package biblatex Info: Trying to load bibliography style 'numeric'...
Package biblatex Info: ... file 'numeric.bbx' found.

(/usr/share/texlive/texmf-dist/tex/latex/biblatex/bbx/numeric.bbx
File: numeric.bbx 2013/11/25 v2.8a biblatex bibliography style (PK/JW/AB)
Package biblatex Info: Trying to load bibliography style 'standard'...
Package biblatex Info: ... file 'standard.bbx' found.

(/usr/share/texlive/texmf-dist/tex/latex/biblatex/bbx/standard.bbx
File: standard.bbx 2013/11/25 v2.8a biblatex bibliography style (PK/JW/AB)
\c@bbx:relatedcount=\count289
\c@bbx:relatedtotal=\count290
))
Package biblatex Info: Trying to load citation style 'numeric'...
Package biblatex Info: ... file 'numeric.cbx' found.

(/usr/share/texlive/texmf-dist/tex/latex/biblatex/cbx/numeric.cbx
File: numeric.cbx 2013/11/25 v2.8a biblatex citation style (PK/JW/AB)
Package biblatex Info: Redefining '\cite'.
Package biblatex Info: Redefining '\parencite'.
Package biblatex Info: Redefining '\footcite'.
Package biblatex Info: Redefining '\footcitetext'.
Package biblatex Info: Redefining '\smartcite'.
Package biblatex Info: Redefining '\supercite'.
Package biblatex Info: Redefining '\textcite'.
Package biblatex Info: Redefining '\textcites'.
Package biblatex Info: Redefining '\cites'.
Package biblatex Info: Redefining '\parencites'.
Package biblatex Info: Redefining '\smartcites'.
)
Package biblatex Info: Trying to load configuration file...
Package biblatex Info: ... file 'biblatex.cfg' found.

(/usr/share/texlive/texmf-dist/tex/latex/biblatex/biblatex.cfg
File: biblatex.cfg 
)))
(/usr/share/texlive/texmf-dist/tex/latex/geometry/geometry.sty
Package: geometry 2010/09/12 v5.6 Page Geometry
\Gm@cnth=\count291
\Gm@cntv=\count292
\c@Gm@tempcnt=\count293
\Gm@bindingoffset=\dimen132
\Gm@wd@mp=\dimen133
\Gm@odd@mp=\dimen134
\Gm@even@mp=\dimen135
\Gm@layoutwidth=\dimen136
\Gm@layoutheight=\dimen137
\Gm@layouthoffset=\dimen138
\Gm@layoutvoffset=\dimen139
\Gm@dimlist=\toks35
)
(/usr/share/texlive/texmf-dist/tex/latex/psnfss/pifont.sty
Package: pifont 2005/04/12 PSNFSS-v9.2a Pi font support (SPQR) 
LaTeX Font Info:    Try loading font information for U+pzd on input line 63.

(/usr/share/texlive/texmf-dist/tex/latex/psnfss/upzd.fd
File: upzd.fd 2001/06/04 font definitions for U/pzd.
)
LaTeX Font Info:    Try loading font information for U+psy on input line 64.

(/usr/share/texlive/texmf-dist/tex/latex/psnfss/upsy.fd
File: upsy.fd 2001/06/04 font definitions for U/psy.
))
(/usr/share/texlive/texmf-dist/tex/latex/dirtytalk/dirtytalk.sty
Package: dirtytalk 2010/11/21 A package making "quoting" easier
\c@dirtytalk@qdepth=\count294
)
Package hyperref Info: Option `colorlinks' set `true' on input line 45.
Package biblatex Info: Trying to load language 'english'...
Package biblatex Info: ... file 'english.lbx' found.

(/usr/share/texlive/texmf-dist/tex/latex/biblatex/lbx/english.lbx
File: english.lbx 2013/11/25 v2.8a biblatex localization (PK/JW/AB)
)

Package biblatex Warning: 'babel/polyglossia' detected but 'csquotes' missing.
(biblatex)                Loading 'csquotes' recommended.

\@quotelevel=\count295
\@quotereset=\count296
(./btp_final.aux)
\openout1 = `btp_final.aux'.

LaTeX Font Info:    Checking defaults for OML/cmm/m/it on input line 51.
LaTeX Font Info:    ... okay on input line 51.
LaTeX Font Info:    Checking defaults for T1/cmr/m/n on input line 51.
LaTeX Font Info:    ... okay on input line 51.
LaTeX Font Info:    Checking defaults for OT1/cmr/m/n on input line 51.
LaTeX Font Info:    ... okay on input line 51.
LaTeX Font Info:    Checking defaults for OMS/cmsy/m/n on input line 51.
LaTeX Font Info:    ... okay on input line 51.
LaTeX Font Info:    Checking defaults for OMX/cmex/m/n on input line 51.
LaTeX Font Info:    ... okay on input line 51.
LaTeX Font Info:    Checking defaults for U/cmr/m/n on input line 51.
LaTeX Font Info:    ... okay on input line 51.
LaTeX Font Info:    Checking defaults for TS1/cmr/m/n on input line 51.
LaTeX Font Info:    Try loading font information for TS1+cmr on input line 51.
 (/usr/share/texlive/texmf-dist/tex/latex/base/ts1cmr.fd
File: ts1cmr.fd 1999/05/25 v2.5h Standard LaTeX font definitions
)
LaTeX Font Info:    ... okay on input line 51.
LaTeX Font Info:    Checking defaults for PD1/pdf/m/n on input line 51.
LaTeX Font Info:    ... okay on input line 51.

(/usr/share/texlive/texmf-dist/tex/context/base/supp-pdf.mkii
[Loading MPS to PDF converter (version 2006.09.02).]
\scratchcounter=\count297
\scratchdimen=\dimen140
\scratchbox=\box36
\nofMPsegments=\count298
\nofMParguments=\count299
\everyMPshowfont=\toks36
\MPscratchCnt=\count300
\MPscratchDim=\dimen141
\MPnumerator=\count301
\makeMPintoPDFobject=\count302
\everyMPtoPDFconversion=\toks37
) (/usr/share/texlive/texmf-dist/tex/latex/oberdiek/epstopdf-base.sty
Package: epstopdf-base 2010/02/09 v2.5 Base part for package epstopdf

(/usr/share/texlive/texmf-dist/tex/latex/oberdiek/grfext.sty
Package: grfext 2010/08/19 v1.1 Manage graphics extensions (HO)
)
Package grfext Info: Graphics extension search list:
(grfext)             [.png,.pdf,.jpg,.mps,.jpeg,.jbig2,.jb2,.PNG,.PDF,.JPG,.JPE
G,.JBIG2,.JB2,.eps]
(grfext)             \AppendGraphicsExtensions on input line 452.

(/usr/share/texlive/texmf-dist/tex/latex/latexconfig/epstopdf-sys.cfg
File: epstopdf-sys.cfg 2010/07/13 v1.3 Configuration of (r)epstopdf for TeX Liv
e
))
\AtBeginShipoutBox=\box37
Package hyperref Info: Link coloring ON on input line 51.

(/usr/share/texlive/texmf-dist/tex/latex/hyperref/nameref.sty
Package: nameref 2012/10/27 v2.43 Cross-referencing by name of section

(/usr/share/texlive/texmf-dist/tex/generic/oberdiek/gettitlestring.sty
Package: gettitlestring 2010/12/03 v1.4 Cleanup title references (HO)
)
\c@section@level=\count303
)
LaTeX Info: Redefining \ref on input line 51.
LaTeX Info: Redefining \pageref on input line 51.
LaTeX Info: Redefining \nameref on input line 51.

(./btp_final.out) (./btp_final.out)
\@outlinefile=\write4
\openout4 = `btp_final.out'.

Package caption Info: Begin \AtBeginDocument code.
Package caption Info: subfig package v1.3 is loaded.
Package caption Info: float package is loaded.
Package caption Info: End \AtBeginDocument code.
Package biblatex Info: Input encoding 'utf8' detected.
Package biblatex Info: Data encoding 'ascii' specified.
(biblatex)             No need to reencode data.
\openout3 = `btp_final-blx.bib'.

Package biblatex Info: Trying to load bibliographic data...
Package biblatex Info: ... file 'btp_final.bbl' found.
 (./btp_final.bbl)
Package biblatex Info: Reference section=0 on input line 51.
Package biblatex Info: Reference segment=0 on input line 51.

*geometry* driver: auto-detecting
*geometry* detected driver: pdftex
*geometry* verbose mode - [ preamble ] result:
* driver: pdftex
* paper: a4paper
* layout: <same size as paper>
* layoutoffset:(h,v)=(0.0pt,0.0pt)
* modes: 
* h-part:(L,W,R)=(108.405pt, 380.69788pt, 108.405pt)
* v-part:(T,H,B)=(108.405pt, 628.23685pt, 108.405pt)
* \paperwidth=597.50787pt
* \paperheight=845.04684pt
* \textwidth=380.69788pt
* \textheight=628.23685pt
* \oddsidemargin=36.13501pt
* \evensidemargin=36.13501pt
* \topmargin=-0.86499pt
* \headheight=12.0pt
* \headsep=25.0pt
* \topskip=12.0pt
* \footskip=30.0pt
* \marginparwidth=35.0pt
* \marginparsep=10.0pt
* \columnsep=10.0pt
* \skip\footins=10.8pt plus 4.0pt minus 2.0pt
* \hoffset=0.0pt
* \voffset=0.0pt
* \mag=1000
* \@twocolumnfalse
* \@twosidefalse
* \@mparswitchfalse
* \@reversemarginfalse
* (1in=72.27pt=25.4mm, 1cm=28.453pt)

LaTeX Font Info:    Try loading font information for U+rsfs on input line 62.
(/usr/share/texlive/texmf-dist/tex/latex/jknapltx/ursfs.fd
File: ursfs.fd 1998/03/24 rsfs font definition file (jk)
)
LaTeX Font Info:    Try loading font information for U+msa on input line 62.

(/usr/share/texlive/texmf-dist/tex/latex/amsfonts/umsa.fd
File: umsa.fd 2013/01/14 v3.01 AMS symbols A
)
LaTeX Font Info:    Try loading font information for U+msb on input line 62.

(/usr/share/texlive/texmf-dist/tex/latex/amsfonts/umsb.fd
File: umsb.fd 2013/01/14 v3.01 AMS symbols B
)
<images/logo.jpg, id=192, 380.36842pt x 429.81631pt>
File: images/logo.jpg Graphic file (type jpg)
 <use images/logo.jpg>
Package pdftex.def Info: images/logo.jpg used on input line 96.
(pdftex.def)             Requested size: 68.46335pt x 77.36359pt.

[1

{/var/lib/texmf/fonts/map/pdftex/updmap/pdftex.map} <./images/logo.jpg>]
File: images/logo.jpg Graphic file (type jpg)

<use images/logo.jpg>
Package pdftex.def Info: images/logo.jpg used on input line 109.
(pdftex.def)             Requested size: 57.10236pt x 64.52213pt.

Overfull \hbox (56.71896pt too wide) in paragraph at lines 109--110
[][] 
 []


Underfull \hbox (badness 10000) in paragraph at lines 114--120

 []


Overfull \hbox (38.0721pt too wide) in paragraph at lines 114--120
[] 
 []

pdfTeX warning (ext4): destination with the same identifier (name{page.}) has b
een already used, duplicate ignored
<to be read again> 
                   \relax 
l.151 \begin{flushleft}
                        [1]pdfTeX warning (ext4): destination with the same ide
ntifier (name{page.}) has been already used, duplicate ignored
<to be read again> 
                   \relax 
l.166 \newpage
               [2] (./btp_final.toc [1])
\tf@toc=\write5
\openout5 = `btp_final.toc'.

 [2]
<./block2.pdf, id=274, 589.98193pt x 253.61417pt>
File: ./block2.pdf Graphic file (type pdf)
 <use ./block2.pdf>
Package pdftex.def Info: ./block2.pdf used on input line 177.
(pdftex.def)             Requested size: 380.69788pt x 163.65147pt.

(./block2.pdf_tex <block2.pdf, id=275, page=1, 589.98193pt x 253.61417pt>
File: block2.pdf Graphic file (type pdf)

<use block2.pdf, page 1>
Package pdftex.def Info: block2.pdf, page1 used on input line 52.
(pdftex.def)             Requested size: 380.69788pt x 163.65147pt.
)
Underfull \hbox (badness 10000) in paragraph at lines 184--188

 []

[3 <./block2.pdf>]
Underfull \hbox (badness 10000) in paragraph at lines 190--193

 []

[4] <images/step.jpg, id=298, 552.8655pt x 265.59225pt>
File: images/step.jpg Graphic file (type jpg)
 <use images/step.jpg>
Package pdftex.def Info: images/step.jpg used on input line 200.
(pdftex.def)             Requested size: 331.72185pt x 159.35657pt.

<images/step_out.jpg, id=299, 369.7815pt x 223.43475pt>
File: images/step_out.jpg Graphic file (type jpg)

<use images/step_out.jpg>
Package pdftex.def Info: images/step_out.jpg used on input line 210.
(pdftex.def)             Requested size: 277.33543pt x 167.57565pt.
 [5 <./images/step.jpg> <./images/step_out.jpg>]
[6]
Overfull \hbox (1.75867pt too wide) in paragraph at lines 276--277
\OT1/cmr/m/n/12 quences $[]$ (real or com-plex) which are square summable.
 []


Underfull \hbox (badness 10000) in paragraph at lines 295--296

 []

[7] [8]

Package hyperref Warning: Token not allowed in a PDF string (PDFDocEncoding):
(hyperref)                removing `math shift' on input line 354.


Package hyperref Warning: Token not allowed in a PDF string (PDFDocEncoding):
(hyperref)                removing `subscript' on input line 354.


Package hyperref Warning: Token not allowed in a PDF string (PDFDocEncoding):
(hyperref)                removing `\infty' on input line 354.


Package hyperref Warning: Token not allowed in a PDF string (PDFDocEncoding):
(hyperref)                removing `math shift' on input line 354.

[9] <./llft.pdf, id=347, 23.40659pt x 12.85997pt>
File: ./llft.pdf Graphic file (type pdf)
 <use ./llft.pdf>
Package pdftex.def Info: ./llft.pdf used on input line 394.
(pdftex.def)             Requested size: 228.42104pt x 125.49963pt.

(./llft.pdf_tex <llft.pdf, id=348, page=1, 23.40659pt x 12.85997pt>
File: llft.pdf Graphic file (type pdf)

<use llft.pdf, page 1>
Package pdftex.def Info: llft.pdf, page1 used on input line 52.
(pdftex.def)             Requested size: 228.42104pt x 125.49963pt.
) <./ulft.pdf, id=349, 34.53029pt x 19.15016pt>
File: ./ulft.pdf Graphic file (type pdf)

<use ./ulft.pdf>
Package pdftex.def Info: ./ulft.pdf used on input line 405.
(pdftex.def)             Requested size: 228.42104pt x 126.73325pt.
 (./ulft.pdf_tex
<ulft.pdf, id=350, page=1, 34.53029pt x 19.15016pt>
File: ulft.pdf Graphic file (type pdf)
 <use ulft.pdf, page 1>
Package pdftex.def Info: ulft.pdf, page1 used on input line 52.
(pdftex.def)             Requested size: 228.42104pt x 126.73325pt.
)
[10 <./llft.pdf>] <./cllft.pdf, id=367, 179.02477pt x 173.86992pt>
File: ./cllft.pdf Graphic file (type pdf)

<use ./cllft.pdf>
Package pdftex.def Info: ./cllft.pdf used on input line 443.
(pdftex.def)             Requested size: 228.42104pt x 221.85231pt.
 (./cllft.pdf_tex
<cllft.pdf, id=368, page=1, 179.02477pt x 173.86992pt>
File: cllft.pdf Graphic file (type pdf)
 <use cllft.pdf, page 1>
Package pdftex.def Info: cllft.pdf, page1 used on input line 52.
(pdftex.def)             Requested size: 228.42104pt x 221.85231pt.
) [11 <./ulft.pdf>] <./smd_1.pdf, id=383, 402.50375pt x 167.62625pt>
File: ./smd_1.pdf Graphic file (type pdf)

<use ./smd_1.pdf>
Package pdftex.def Info: ./smd_1.pdf used on input line 457.
(pdftex.def)             Requested size: 228.42104pt x 95.12846pt.
 (./smd_1.pdf_tex
<smd_1.pdf, id=384, page=1, 402.50375pt x 167.62625pt>
File: smd_1.pdf Graphic file (type pdf)
 <use smd_1.pdf, page 1>
Package pdftex.def Info: smd_1.pdf, page1 used on input line 52.
(pdftex.def)             Requested size: 228.42104pt x 95.12846pt.
) [12 <./cllft.pdf>] <./smd2.pdf, id=396, 347.48001pt x 196.69444pt>
File: ./smd2.pdf Graphic file (type pdf)

<use ./smd2.pdf>
Package pdftex.def Info: ./smd2.pdf used on input line 473.
(pdftex.def)             Requested size: 380.69788pt x 215.50314pt.
 (./smd2.pdf_tex
<smd2.pdf, id=397, page=1, 347.48001pt x 196.69444pt>
File: smd2.pdf Graphic file (type pdf)
 <use smd2.pdf, page 1>
Package pdftex.def Info: smd2.pdf, page1 used on input line 52.
(pdftex.def)             Requested size: 380.69788pt x 215.50314pt.
)
[13 <./smd_1.pdf> <./smd2.pdf

pdfTeX warning: /usr/bin/pdflatex (file ./smd2.pdf): PDF inclusion: multiple pd
fs with page group included in a single page
>] <./smd3.pdf, id=412, 451.56953pt x 323.87651pt>
File: ./smd3.pdf Graphic file (type pdf)
 <use ./smd3.pdf>
Package pdftex.def Info: ./smd3.pdf used on input line 499.
(pdftex.def)             Requested size: 380.69788pt x 273.04774pt.

(./smd3.pdf_tex <smd3.pdf, id=413, page=1, 451.56953pt x 323.87651pt>
File: smd3.pdf Graphic file (type pdf)

<use smd3.pdf, page 1>
Package pdftex.def Info: smd3.pdf, page1 used on input line 52.
(pdftex.def)             Requested size: 380.69788pt x 273.04774pt.
) [14 <./smd3.pdf>]
<./block11.pdf, id=426, 504.67336pt x 205.64708pt>
File: ./block11.pdf Graphic file (type pdf)
 <use ./block11.pdf>
Package pdftex.def Info: ./block11.pdf used on input line 626.
(pdftex.def)             Requested size: 380.69788pt x 155.13235pt.

(./block11.pdf_tex <block11.pdf, id=427, page=1, 504.67336pt x 205.64708pt>
File: block11.pdf Graphic file (type pdf)

<use block11.pdf, page 1>
Package pdftex.def Info: block11.pdf, page1 used on input line 52.
(pdftex.def)             Requested size: 380.69788pt x 155.13235pt.
) [15 <./block11.pdf>]
Underfull \hbox (badness 10000) in paragraph at lines 707--709

 []


Underfull \hbox (badness 10000) in paragraph at lines 718--720

 []

File: ./block2.pdf Graphic file (type pdf)
<use ./block2.pdf>
Package pdftex.def Info: ./block2.pdf used on input line 745.
(pdftex.def)             Requested size: 380.69788pt x 163.65147pt.
 (./block2.pdf_tex
File: block2.pdf Graphic file (type pdf)
 <use block2.pdf, page 1>
Package pdftex.def Info: block2.pdf, page1 used on input line 52.
(pdftex.def)             Requested size: 380.69788pt x 163.65147pt.
) [16] [17]
Overfull \hbox (81.53891pt too wide) detected at line 800
[] \OT1/cmr/m/n/12 = [] []
 []


Underfull \hbox (badness 10000) in paragraph at lines 808--810

 []


Underfull \hbox (badness 10000) in paragraph at lines 820--822

 []


Underfull \hbox (badness 10000) in paragraph at lines 831--833

 []


Underfull \hbox (badness 10000) in paragraph at lines 842--844

 []

<./block3.pdf, id=455, 751.35252pt x 281.01958pt>
File: ./block3.pdf Graphic file (type pdf)
 <use ./block3.pdf>
Package pdftex.def Info: ./block3.pdf used on input line 861.
(pdftex.def)             Requested size: 380.69788pt x 142.38759pt.

(./block3.pdf_tex <block3.pdf, id=456, page=1, 751.35252pt x 281.01958pt>
File: block3.pdf Graphic file (type pdf)

<use block3.pdf, page 1>
Package pdftex.def Info: block3.pdf, page1 used on input line 52.
(pdftex.def)             Requested size: 380.69788pt x 142.38759pt.
) [18] [19 <./block3.pdf>] (./ref1_out1.pdf_tex
<ref1_out1.pdf, id=480, page=1, 442.45299pt x 335.65399pt>
File: ref1_out1.pdf Graphic file (type pdf)

<use ref1_out1.pdf, page 1>
Package pdftex.def Info: ref1_out1.pdf, page1 used on input line 52.
(pdftex.def)             Requested size: 221.2265pt x 167.8317pt.

<ref1_out1.pdf, id=481, page=2, 442.45299pt x 335.65399pt>
File: ref1_out1.pdf Graphic file (type pdf)

<use ref1_out1.pdf, page 2>
Package pdftex.def Info: ref1_out1.pdf, page2 used on input line 54.
(pdftex.def)             Requested size: 221.2265pt x 167.8317pt.

<ref1_out1.pdf, id=482, page=3, 442.45299pt x 335.65399pt>
File: ref1_out1.pdf Graphic file (type pdf)

<use ref1_out1.pdf, page 3>
Package pdftex.def Info: ref1_out1.pdf, page3 used on input line 63.
(pdftex.def)             Requested size: 221.2265pt x 167.8317pt.

<ref1_out1.pdf, id=483, page=4, 442.45299pt x 335.65399pt>
File: ref1_out1.pdf Graphic file (type pdf)

<use ref1_out1.pdf, page 4>
Package pdftex.def Info: ref1_out1.pdf, page4 used on input line 71.
(pdftex.def)             Requested size: 221.2265pt x 167.8317pt.
) (./ref2_out1.pdf_tex
<ref2_out1.pdf, id=484, page=1, 449.68pt x 337.26pt>
File: ref2_out1.pdf Graphic file (type pdf)

<use ref2_out1.pdf, page 1>
Package pdftex.def Info: ref2_out1.pdf, page1 used on input line 52.
(pdftex.def)             Requested size: 224.84pt x 168.62958pt.

<ref2_out1.pdf, id=485, page=2, 449.68pt x 337.26pt>
File: ref2_out1.pdf Graphic file (type pdf)

<use ref2_out1.pdf, page 2>
Package pdftex.def Info: ref2_out1.pdf, page2 used on input line 54.
(pdftex.def)             Requested size: 224.84pt x 168.62958pt.

<ref2_out1.pdf, id=486, page=3, 449.68pt x 337.26pt>
File: ref2_out1.pdf Graphic file (type pdf)

<use ref2_out1.pdf, page 3>
Package pdftex.def Info: ref2_out1.pdf, page3 used on input line 63.
(pdftex.def)             Requested size: 224.84pt x 168.62958pt.

<ref2_out1.pdf, id=487, page=4, 449.68pt x 337.26pt>
File: ref2_out1.pdf Graphic file (type pdf)

<use ref2_out1.pdf, page 4>
Package pdftex.def Info: ref2_out1.pdf, page4 used on input line 72.
(pdftex.def)             Requested size: 224.84pt x 168.62958pt.
)
Overfull \hbox (76.1442pt too wide) in paragraph at lines 910--928
 []$[]$$[]$ 
 []

(./ref1_out2.pdf_tex <ref1_out2.pdf, id=488, page=1, 449.68pt x 337.26pt>
File: ref1_out2.pdf Graphic file (type pdf)

<use ref1_out2.pdf, page 1>
Package pdftex.def Info: ref1_out2.pdf, page1 used on input line 52.
(pdftex.def)             Requested size: 224.84pt x 168.62958pt.

<ref1_out2.pdf, id=489, page=2, 449.68pt x 337.26pt>
File: ref1_out2.pdf Graphic file (type pdf)

<use ref1_out2.pdf, page 2>
Package pdftex.def Info: ref1_out2.pdf, page2 used on input line 54.
(pdftex.def)             Requested size: 224.84pt x 168.62958pt.

<ref1_out2.pdf, id=490, page=3, 449.68pt x 337.26pt>
File: ref1_out2.pdf Graphic file (type pdf)

<use ref1_out2.pdf, page 3>
Package pdftex.def Info: ref1_out2.pdf, page3 used on input line 63.
(pdftex.def)             Requested size: 224.84pt x 168.62958pt.

<ref1_out2.pdf, id=491, page=4, 449.68pt x 337.26pt>
File: ref1_out2.pdf Graphic file (type pdf)

<use ref1_out2.pdf, page 4>
Package pdftex.def Info: ref1_out2.pdf, page4 used on input line 72.
(pdftex.def)             Requested size: 224.84pt x 168.62958pt.
) (./ref2_out2.pdf_tex
<ref2_out2.pdf, id=492, page=1, 449.68pt x 337.26pt>
File: ref2_out2.pdf Graphic file (type pdf)

<use ref2_out2.pdf, page 1>
Package pdftex.def Info: ref2_out2.pdf, page1 used on input line 52.
(pdftex.def)             Requested size: 224.84pt x 168.62958pt.

<ref2_out2.pdf, id=493, page=2, 449.68pt x 337.26pt>
File: ref2_out2.pdf Graphic file (type pdf)

<use ref2_out2.pdf, page 2>
Package pdftex.def Info: ref2_out2.pdf, page2 used on input line 54.
(pdftex.def)             Requested size: 224.84pt x 168.62958pt.

<ref2_out2.pdf, id=494, page=3, 449.68pt x 337.26pt>
File: ref2_out2.pdf Graphic file (type pdf)

<use ref2_out2.pdf, page 3>
Package pdftex.def Info: ref2_out2.pdf, page3 used on input line 63.
(pdftex.def)             Requested size: 224.84pt x 168.62958pt.

<ref2_out2.pdf, id=495, page=4, 449.68pt x 337.26pt>
File: ref2_out2.pdf Graphic file (type pdf)

<use ref2_out2.pdf, page 4>
Package pdftex.def Info: ref2_out2.pdf, page4 used on input line 71.
(pdftex.def)             Requested size: 224.84pt x 168.62958pt.
)
Overfull \hbox (76.1442pt too wide) in paragraph at lines 931--949
 []$[]$$[]$ 
 []

[20 <./ref1_out1.pdf> <./ref1_out1.pdf

pdfTeX warning: /usr/bin/pdflatex (file ./ref1_out1.pdf): PDF inclusion: multip
le pdfs with page group included in a single page
> <./ref1_out1.pdf

pdfTeX warning: /usr/bin/pdflatex (file ./ref1_out1.pdf): PDF inclusion: multip
le pdfs with page group included in a single page
> <./ref1_out1.pdf

pdfTeX warning: /usr/bin/pdflatex (file ./ref1_out1.pdf): PDF inclusion: multip
le pdfs with page group included in a single page
> <./ref2_out1.pdf

pdfTeX warning: /usr/bin/pdflatex (file ./ref2_out1.pdf): PDF inclusion: multip
le pdfs with page group included in a single page
> <./ref2_out1.pdf

pdfTeX warning: /usr/bin/pdflatex (file ./ref2_out1.pdf): PDF inclusion: multip
le pdfs with page group included in a single page
> <./ref2_out1.pdf

pdfTeX warning: /usr/bin/pdflatex (file ./ref2_out1.pdf): PDF inclusion: multip
le pdfs with page group included in a single page
> <./ref2_out1.pdf

pdfTeX warning: /usr/bin/pdflatex (file ./ref2_out1.pdf): PDF inclusion: multip
le pdfs with page group included in a single page
>] (./inputSi_sigma.pdf_tex
<inputSi_sigma.pdf, id=513, page=1, 442.45299pt x 313.17pt>
File: inputSi_sigma.pdf Graphic file (type pdf)

<use inputSi_sigma.pdf, page 1>
Package pdftex.def Info: inputSi_sigma.pdf, page1 used on input line 52.
(pdftex.def)             Requested size: 221.2265pt x 156.58939pt.

<inputSi_sigma.pdf, id=514, page=2, 442.45299pt x 313.17pt>
File: inputSi_sigma.pdf Graphic file (type pdf)

<use inputSi_sigma.pdf, page 2>
Package pdftex.def Info: inputSi_sigma.pdf, page2 used on input line 65.
(pdftex.def)             Requested size: 221.2265pt x 156.58939pt.

<inputSi_sigma.pdf, id=515, page=3, 442.45299pt x 313.17pt>
File: inputSi_sigma.pdf Graphic file (type pdf)

<use inputSi_sigma.pdf, page 3>
Package pdftex.def Info: inputSi_sigma.pdf, page3 used on input line 73.
(pdftex.def)             Requested size: 221.2265pt x 156.58939pt.
) (./So_sigma.pdf_tex
<So_sigma.pdf, id=516, page=1, 442.45299pt x 335.65399pt>
File: So_sigma.pdf Graphic file (type pdf)

<use So_sigma.pdf, page 1>
Package pdftex.def Info: So_sigma.pdf, page1 used on input line 52.
(pdftex.def)             Requested size: 221.2265pt x 167.8317pt.

<So_sigma.pdf, id=517, page=2, 442.45299pt x 335.65399pt>
File: So_sigma.pdf Graphic file (type pdf)

<use So_sigma.pdf, page 2>
Package pdftex.def Info: So_sigma.pdf, page2 used on input line 65.
(pdftex.def)             Requested size: 221.2265pt x 167.8317pt.

<So_sigma.pdf, id=518, page=3, 442.45299pt x 335.65399pt>
File: So_sigma.pdf Graphic file (type pdf)

<use So_sigma.pdf, page 3>
Package pdftex.def Info: So_sigma.pdf, page3 used on input line 73.
(pdftex.def)             Requested size: 221.2265pt x 167.8317pt.
)
Overfull \hbox (76.1442pt too wide) in paragraph at lines 953--971
 []$[]$$[]$ 
 []

(./Ti_sigma.pdf_tex <Ti_sigma.pdf, id=519, page=1, 449.68pt x 337.26pt>
File: Ti_sigma.pdf Graphic file (type pdf)

<use Ti_sigma.pdf, page 1>
Package pdftex.def Info: Ti_sigma.pdf, page1 used on input line 52.
(pdftex.def)             Requested size: 224.84pt x 168.62958pt.
 <Ti_sigma.pdf, id=520, page=2, 449.68pt x 337.26pt>
File: Ti_sigma.pdf Graphic file (type pdf)

<use Ti_sigma.pdf, page 2>
Package pdftex.def Info: Ti_sigma.pdf, page2 used on input line 65.
(pdftex.def)             Requested size: 224.84pt x 168.62958pt.
 <Ti_sigma.pdf, id=521, page=3, 449.68pt x 337.26pt>
File: Ti_sigma.pdf Graphic file (type pdf)

<use Ti_sigma.pdf, page 3>
Package pdftex.def Info: Ti_sigma.pdf, page3 used on input line 77.
(pdftex.def)             Requested size: 224.84pt x 168.62958pt.
) (./To_sigma.pdf_tex
<To_sigma.pdf, id=522, page=1, 449.68pt x 337.26pt>
File: To_sigma.pdf Graphic file (type pdf)
 <use To_sigma.pdf, page 1>
Package pdftex.def Info: To_sigma.pdf, page1 used on input line 52.
(pdftex.def)             Requested size: 224.84pt x 168.62958pt.

<To_sigma.pdf, id=523, page=2, 449.68pt x 337.26pt>
File: To_sigma.pdf Graphic file (type pdf)
 <use To_sigma.pdf, page 2>
Package pdftex.def Info: To_sigma.pdf, page2 used on input line 65.
(pdftex.def)             Requested size: 224.84pt x 168.62958pt.

<To_sigma.pdf, id=524, page=3, 449.68pt x 337.26pt>
File: To_sigma.pdf Graphic file (type pdf)
 <use To_sigma.pdf, page 3>
Package pdftex.def Info: To_sigma.pdf, page3 used on input line 77.
(pdftex.def)             Requested size: 224.84pt x 168.62958pt.
)
Overfull \hbox (76.1442pt too wide) in paragraph at lines 974--992
 []$[]$$[]$ 
 []

[21 <./ref1_out2.pdf> <./ref1_out2.pdf

pdfTeX warning: /usr/bin/pdflatex (file ./ref1_out2.pdf): PDF inclusion: multip
le pdfs with page group included in a single page
> <./ref1_out2.pdf

pdfTeX warning: /usr/bin/pdflatex (file ./ref1_out2.pdf): PDF inclusion: multip
le pdfs with page group included in a single page
> <./ref1_out2.pdf

pdfTeX warning: /usr/bin/pdflatex (file ./ref1_out2.pdf): PDF inclusion: multip
le pdfs with page group included in a single page
> <./ref2_out2.pdf

pdfTeX warning: /usr/bin/pdflatex (file ./ref2_out2.pdf): PDF inclusion: multip
le pdfs with page group included in a single page
> <./ref2_out2.pdf

pdfTeX warning: /usr/bin/pdflatex (file ./ref2_out2.pdf): PDF inclusion: multip
le pdfs with page group included in a single page
> <./ref2_out2.pdf

pdfTeX warning: /usr/bin/pdflatex (file ./ref2_out2.pdf): PDF inclusion: multip
le pdfs with page group included in a single page
> <./ref2_out2.pdf

pdfTeX warning: /usr/bin/pdflatex (file ./ref2_out2.pdf): PDF inclusion: multip
le pdfs with page group included in a single page
> <./inputSi_sigma.pdf

pdfTeX warning: /usr/bin/pdflatex (file ./inputSi_sigma.pdf): PDF inclusion: mu
ltiple pdfs with page group included in a single page
> <./inputSi_sigma.pdf

pdfTeX warning: /usr/bin/pdflatex (file ./inputSi_sigma.pdf): PDF inclusion: mu
ltiple pdfs with page group included in a single page
> <./inputSi_sigma.pdf

pdfTeX warning: /usr/bin/pdflatex (file ./inputSi_sigma.pdf): PDF inclusion: mu
ltiple pdfs with page group included in a single page
> <./So_sigma.pdf

pdfTeX warning: /usr/bin/pdflatex (file ./So_sigma.pdf): PDF inclusion: multipl
e pdfs with page group included in a single page
> <./So_sigma.pdf

pdfTeX warning: /usr/bin/pdflatex (file ./So_sigma.pdf): PDF inclusion: multipl
e pdfs with page group included in a single page
> <./So_sigma.pdf

pdfTeX warning: /usr/bin/pdflatex (file ./So_sigma.pdf): PDF inclusion: multipl
e pdfs with page group included in a single page
>] <./bode_para.pdf, id=544, 459.33221pt x 354.27643pt>
File: ./bode_para.pdf Graphic file (type pdf)
 <use ./bode_para.pdf>
Package pdftex.def Info: ./bode_para.pdf used on input line 1000.
(pdftex.def)             Requested size: 380.69788pt x 293.63852pt.

(./bode_para.pdf_tex
<bode_para.pdf, id=545, page=1, 459.33221pt x 354.27643pt>
File: bode_para.pdf Graphic file (type pdf)

<use bode_para.pdf, page 1>
Package pdftex.def Info: bode_para.pdf, page1 used on input line 52.
(pdftex.def)             Requested size: 380.69788pt x 293.63852pt.
) [22 <./Ti_sigma.pdf> <./Ti_sigma.pdf

pdfTeX warning: /usr/bin/pdflatex (file ./Ti_sigma.pdf): PDF inclusion: multipl
e pdfs with page group included in a single page
> <./Ti_sigma.pdf

pdfTeX warning: /usr/bin/pdflatex (file ./Ti_sigma.pdf): PDF inclusion: multipl
e pdfs with page group included in a single page
> <./To_sigma.pdf

pdfTeX warning: /usr/bin/pdflatex (file ./To_sigma.pdf): PDF inclusion: multipl
e pdfs with page group included in a single page
> <./To_sigma.pdf

pdfTeX warning: /usr/bin/pdflatex (file ./To_sigma.pdf): PDF inclusion: multipl
e pdfs with page group included in a single page
> <./To_sigma.pdf

pdfTeX warning: /usr/bin/pdflatex (file ./To_sigma.pdf): PDF inclusion: multipl
e pdfs with page group included in a single page
>] <./step_smd.pdf, id=556, 500.65836pt x 373.16856pt>
File: ./step_smd.pdf Graphic file (type pdf)
 <use ./step_smd.pdf>
Package pdftex.def Info: ./step_smd.pdf used on input line 1013.
(pdftex.def)             Requested size: 380.69788pt x 283.7534pt.

(./step_smd.pdf_tex <step_smd.pdf, id=557, page=1, 500.65836pt x 373.16856pt>
File: step_smd.pdf Graphic file (type pdf)

<use step_smd.pdf, page 1>
Package pdftex.def Info: step_smd.pdf, page1 used on input line 52.
(pdftex.def)             Requested size: 380.69788pt x 283.7534pt.
) [23 <./bode_para.pdf>] [24 <./step_smd.pdf>]

Package hyperref Warning: Token not allowed in a PDF string (PDFDocEncoding):
(hyperref)                removing `math shift' on input line 1032.


Package hyperref Warning: Token not allowed in a PDF string (PDFDocEncoding):
(hyperref)                removing `subscript' on input line 1032.


Package hyperref Warning: Token not allowed in a PDF string (PDFDocEncoding):
(hyperref)                removing `\infty' on input line 1032.


Package hyperref Warning: Token not allowed in a PDF string (PDFDocEncoding):
(hyperref)                removing `math shift' on input line 1032.


Package hyperref Warning: Token not allowed in a PDF string (PDFDocEncoding):
(hyperref)                removing `math shift' on input line 1040.


Package hyperref Warning: Token not allowed in a PDF string (PDFDocEncoding):
(hyperref)                removing `subscript' on input line 1040.


Package hyperref Warning: Token not allowed in a PDF string (PDFDocEncoding):
(hyperref)                removing `\infty' on input line 1040.


Package hyperref Warning: Token not allowed in a PDF string (PDFDocEncoding):
(hyperref)                removing `math shift' on input line 1040.


Package hyperref Warning: Token not allowed in a PDF string (PDFDocEncoding):
(hyperref)                removing `math shift' on input line 1041.


Package hyperref Warning: Token not allowed in a PDF string (PDFDocEncoding):
(hyperref)                removing `subscript' on input line 1041.


Package hyperref Warning: Token not allowed in a PDF string (PDFDocEncoding):
(hyperref)                removing `\infty' on input line 1041.


Package hyperref Warning: Token not allowed in a PDF string (PDFDocEncoding):
(hyperref)                removing `math shift' on input line 1041.

[25] <./singular_value_siso_stable.pdf, id=586, 719.96248pt x 438.26363pt>
File: ./singular_value_siso_stable.pdf Graphic file (type pdf)

<use ./singular_value_siso_stable.pdf>
Package pdftex.def Info: ./singular_value_siso_stable.pdf used on input line 10
63.
(pdftex.def)             Requested size: 304.55945pt x 185.40025pt.
 (./singular_value_siso_stable.pdf_tex
<singular_value_siso_stable.pdf, id=587, page=1, 719.96248pt x 438.26363pt>
File: singular_value_siso_stable.pdf Graphic file (type pdf)

<use singular_value_siso_stable.pdf, page 1>
Package pdftex.def Info: singular_value_siso_stable.pdf, page1 used on input li
ne 52.
(pdftex.def)             Requested size: 304.55945pt x 185.40025pt.
) [26 <./singular_value_siso_stable.pdf>]
Underfull \hbox (badness 10000) in paragraph at lines 1080--1082

 []

<./singularvalue_mimo_stable.pdf, id=603, 697.7414pt x 380.48883pt>
File: ./singularvalue_mimo_stable.pdf Graphic file (type pdf)

<use ./singularvalue_mimo_stable.pdf>
Package pdftex.def Info: ./singularvalue_mimo_stable.pdf used on input line 109
5.
(pdftex.def)             Requested size: 304.55945pt x 166.08026pt.
 (./singularvalue_mimo_stable.pdf_tex
<singularvalue_mimo_stable.pdf, id=604, page=1, 697.7414pt x 380.48883pt>
File: singularvalue_mimo_stable.pdf Graphic file (type pdf)

<use singularvalue_mimo_stable.pdf, page 1>
Package pdftex.def Info: singularvalue_mimo_stable.pdf, page1 used on input lin
e 52.
(pdftex.def)             Requested size: 304.55945pt x 166.08026pt.
)

Package hyperref Warning: Token not allowed in a PDF string (PDFDocEncoding):
(hyperref)                removing `math shift' on input line 1103.


Package hyperref Warning: Token not allowed in a PDF string (PDFDocEncoding):
(hyperref)                removing `subscript' on input line 1103.


Package hyperref Warning: Token not allowed in a PDF string (PDFDocEncoding):
(hyperref)                removing `\infty' on input line 1103.


Package hyperref Warning: Token not allowed in a PDF string (PDFDocEncoding):
(hyperref)                removing `math shift' on input line 1103.

[27 <./singularvalue_mimo_stable.pdf>] [28]
Underfull \hbox (badness 10000) in paragraph at lines 1150--1152

 []


Underfull \hbox (badness 10000) in paragraph at lines 1166--1168

 []

[29]
Underfull \hbox (badness 10000) in paragraph at lines 1225--1227

 []

[30] [31]

Package hyperref Warning: Token not allowed in a PDF string (PDFDocEncoding):
(hyperref)                removing `math shift' on input line 1265.


Package hyperref Warning: Token not allowed in a PDF string (PDFDocEncoding):
(hyperref)                removing `subscript' on input line 1265.


Package hyperref Warning: Token not allowed in a PDF string (PDFDocEncoding):
(hyperref)                removing `\infty' on input line 1265.


Package hyperref Warning: Token not allowed in a PDF string (PDFDocEncoding):
(hyperref)                removing `math shift' on input line 1265.

<images/co12.png, id=663, 1221.56375pt x 391.4625pt>
File: images/co12.png Graphic file (type png)
 <use images/co12.png>
Package pdftex.def Info: images/co12.png used on input line 1283.
(pdftex.def)             Requested size: 427.55373pt x 137.01392pt.

Overfull \hbox (46.85585pt too wide) in paragraph at lines 1283--1288
 [][] 
 []

[32] [33 <./images/co12.png>] [34]
<images/lft.png, id=697, 539.01375pt x 440.64626pt>
File: images/lft.png Graphic file (type png)
 <use images/lft.png>
Package pdftex.def Info: images/lft.png used on input line 1391.
(pdftex.def)             Requested size: 161.70537pt x 132.19489pt.

Underfull \hbox (badness 10000) in paragraph at lines 1451--1452

 []

[35 <./images/lft.png>] <images/llftpk.png, id=715, 356.0803pt x 234.1247pt>
File: images/llftpk.png Graphic file (type png)

<use images/llftpk.png>
Package pdftex.def Info: images/llftpk.png used on input line 1479.
(pdftex.def)             Requested size: 178.03972pt x 117.06206pt.
 [36]
Underfull \hbox (badness 10000) in paragraph at lines 1552--1555

 []

[37 <./images/llftpk.png (PNG copy)>]
Overfull \hbox (65.78915pt too wide) in paragraph at lines 1565--1565
[] 
 []


Overfull \hbox (7.37405pt too wide) detected at line 1583
\OML/cmm/m/it/12 C[] \OT1/cmr/m/n/12 = []
 []

[38] [39]
Overfull \hbox (68.95274pt too wide) detected at line 1720
[] \OML/cmm/m/it/12 < \OT1/cmr/m/n/12 0
 []

[40] [41] [42]

Package hyperref Warning: Token not allowed in a PDF string (PDFDocEncoding):
(hyperref)                removing `math shift' on input line 1939.


Package hyperref Warning: Token not allowed in a PDF string (PDFDocEncoding):
(hyperref)                removing `subscript' on input line 1939.


Package hyperref Warning: Token not allowed in a PDF string (PDFDocEncoding):
(hyperref)                removing `\infty' on input line 1939.


Package hyperref Warning: Token not allowed in a PDF string (PDFDocEncoding):
(hyperref)                removing `math shift' on input line 1939.

[43] [44] [45] [46] <images/bodeGGs.jpg, id=860, 1319.93124pt x 691.58376pt>
File: images/bodeGGs.jpg Graphic file (type jpg)

<use images/bodeGGs.jpg>
Package pdftex.def Info: images/bodeGGs.jpg used on input line 2106.
(pdftex.def)             Requested size: 395.98242pt x 207.47672pt.

Overfull \hbox (15.28455pt too wide) in paragraph at lines 2106--2111
 [][] 
 []

<images/bodeKinf.jpg, id=861, 1319.93124pt x 691.58376pt>
File: images/bodeKinf.jpg Graphic file (type jpg)

<use images/bodeKinf.jpg>
Package pdftex.def Info: images/bodeKinf.jpg used on input line 2116.
(pdftex.def)             Requested size: 395.98242pt x 207.47672pt.

Overfull \hbox (15.28455pt too wide) in paragraph at lines 2116--2121
 [][] 
 []

[47] <images/singluar_values.jpg, id=874, 1319.93124pt x 691.58376pt>
File: images/singluar_values.jpg Graphic file (type jpg)

<use images/singluar_values.jpg>
Package pdftex.def Info: images/singluar_values.jpg used on input line 2126.
(pdftex.def)             Requested size: 395.98242pt x 207.47672pt.

Overfull \hbox (15.28455pt too wide) in paragraph at lines 2126--2131
 [][] 
 []

[48 <./images/bodeGGs.jpg> <./images/bodeKinf.jpg>] [49 <./images/singluar_valu
es.jpg>]
Overfull \hbox (2.38213pt too wide) in paragraph at lines 2148--2148
\OT1/cmr/m/it/12 Con-trol De-sign with MAT-LAB Sec-ond Edi-tion\OT1/cmr/m/n/12 
. Lon-don: Springer, 2012. 
 []

Package atveryend Info: Empty hook `BeforeClearDocument' on input line 2148.
[50]
Package atveryend Info: Empty hook `AfterLastShipout' on input line 2148.
 (./btp_final.aux)
Package atveryend Info: Executing hook `AtVeryEndDocument' on input line 2148.
Package atveryend Info: Executing hook `AtEndAfterFileList' on input line 2148.

Package rerunfilecheck Info: File `btp_final.out' has not changed.
(rerunfilecheck)             Checksum: C455CD5227B2CBD1C60424529D2227B2;3471.


LaTeX Warning: Label(s) may have changed. Rerun to get cross-references right.

Package logreq Info: Writing requests to 'btp_final.run.xml'.
\openout1 = `btp_final.run.xml'.

Package atveryend Info: Empty hook `AtVeryVeryEnd' on input line 2148.
 ) 
Here is how much of TeX's memory you used:
 15870 strings out of 493304
 243961 string characters out of 6139871
 602163 words of memory out of 5000000
 18738 multiletter control sequences out of 15000+600000
 17933 words of font info for 70 fonts, out of 8000000 for 9000
 957 hyphenation exceptions out of 8191
 68i,18n,98p,953b,1826s stack positions out of 5000i,500n,10000p,200000b,80000s
</usr/share/texlive/texmf-dist/fonts/type1/public/amsfonts/cm/cmbx12.pfb></us
r/share/texlive/texmf-dist/fonts/type1/public/amsfonts/cm/cmbx6.pfb></usr/share
/texlive/texmf-dist/fonts/type1/public/amsfonts/cm/cmcsc10.pfb></usr/share/texl
ive/texmf-dist/fonts/type1/public/amsfonts/cm/cmex10.pfb></usr/share/texlive/te
xmf-dist/fonts/type1/public/amsfonts/cm/cmmi12.pfb></usr/share/texlive/texmf-di
st/fonts/type1/public/amsfonts/cm/cmmi6.pfb></usr/share/texlive/texmf-dist/font
s/type1/public/amsfonts/cm/cmmi8.pfb></usr/share/texlive/texmf-dist/fonts/type1
/public/amsfonts/cm/cmr10.pfb></usr/share/texlive/texmf-dist/fonts/type1/public
/amsfonts/cm/cmr12.pfb></usr/share/texlive/texmf-dist/fonts/type1/public/amsfon
ts/cm/cmr6.pfb></usr/share/texlive/texmf-dist/fonts/type1/public/amsfonts/cm/cm
r8.pfb></usr/share/texlive/texmf-dist/fonts/type1/public/amsfonts/cm/cmsy10.pfb
></usr/share/texlive/texmf-dist/fonts/type1/public/amsfonts/cm/cmsy6.pfb></usr/
share/texlive/texmf-dist/fonts/type1/public/amsfonts/cm/cmsy8.pfb></usr/share/t
exlive/texmf-dist/fonts/type1/public/amsfonts/cm/cmti10.pfb></usr/share/texlive
/texmf-dist/fonts/type1/public/amsfonts/cm/cmti12.pfb></usr/share/texlive/texmf
-dist/fonts/type1/public/amsfonts/cm/cmtt12.pfb></usr/share/texlive/texmf-dist/
fonts/type1/public/amsfonts/symbols/msam10.pfb></usr/share/texlive/texmf-dist/f
onts/type1/public/amsfonts/symbols/msbm10.pfb></usr/share/texlive/texmf-dist/fo
nts/type1/public/rsfs/rsfs10.pfb>
Output written on btp_final.pdf (53 pages, 1089323 bytes).
PDF statistics:
 1027 PDF objects out of 1200 (max. 8388607)
 856 compressed objects within 9 object streams
 262 named destinations out of 1000 (max. 500000)
 692 words of extra memory for PDF output out of 10000 (max. 10000000)

