\BOOKMARK [1][-]{section.1}{Introduction}{}% 1
\BOOKMARK [1][-]{section.2}{Background and Motivation}{}% 2
\BOOKMARK [1][-]{section.3}{Preliminaries}{}% 3
\BOOKMARK [2][-]{subsection.3.1}{Vector Norms and Normed Spaces}{section.3}% 4
\BOOKMARK [3][-]{subsubsection.3.1.1}{Types of norms}{subsection.3.1}% 5
\BOOKMARK [2][-]{subsection.3.2}{Inner product and Inner Product Spaces}{section.3}% 6
\BOOKMARK [2][-]{subsection.3.3}{Hilbert Spaces}{section.3}% 7
\BOOKMARK [3][-]{subsubsection.3.3.1}{Examples}{subsection.3.3}% 8
\BOOKMARK [2][-]{subsection.3.4}{Hardy Spaces}{section.3}% 9
\BOOKMARK [2][-]{subsection.3.5}{Well Posedness and Internal Stability}{section.3}% 10
\BOOKMARK [2][-]{subsection.3.6}{Coprime factorization over RH}{section.3}% 11
\BOOKMARK [1][-]{section.4}{Linear Fractional Transformation}{}% 12
\BOOKMARK [2][-]{subsection.4.1}{Basic Principle}{section.4}% 13
\BOOKMARK [2][-]{subsection.4.2}{Spring Mass Damper System : LFT Configuration}{section.4}% 14
\BOOKMARK [2][-]{subsection.4.3}{Generalized SISO Control System Block Diagram}{section.4}% 15
\BOOKMARK [2][-]{subsection.4.4}{Other Worked Out Examples}{section.4}% 16
\BOOKMARK [1][-]{section.5}{Uncertainities}{}% 17
\BOOKMARK [2][-]{subsection.5.1}{Unstructured Uncertainities}{section.5}% 18
\BOOKMARK [2][-]{subsection.5.2}{Parametric Uncertainities}{section.5}% 19
\BOOKMARK [1][-]{section.6}{Small-Gain Theorem}{}% 20
\BOOKMARK [1][-]{section.7}{H Control}{}% 21
\BOOKMARK [2][-]{subsection.7.1}{Optimization Problem and Cost Functions}{section.7}% 22
\BOOKMARK [2][-]{subsection.7.2}{H Suboptimal Solutions}{section.7}% 23
\BOOKMARK [2][-]{subsection.7.3}{Calculation of H norm}{section.7}% 24
\BOOKMARK [1][-]{section.8}{LMI Based Approach to H Control}{}% 25
\BOOKMARK [2][-]{subsection.8.1}{Preliminaries}{section.8}% 26
\BOOKMARK [3][-]{subsubsection.8.1.1}{Linear Matrix Inequality}{subsection.8.1}% 27
\BOOKMARK [3][-]{subsubsection.8.1.2}{Bounded Real Lemma}{subsection.8.1}% 28
\BOOKMARK [3][-]{subsubsection.8.1.3}{LMI Toolbox}{subsection.8.1}% 29
\BOOKMARK [3][-]{subsubsection.8.1.4}{YALMIP Toolbox}{subsection.8.1}% 30
\BOOKMARK [2][-]{subsection.8.2}{LMI Approach}{section.8}% 31
\BOOKMARK [3][-]{subsubsection.8.2.1}{Numerical Example}{subsection.8.2}% 32
\BOOKMARK [1][-]{section.9}{H Loop-Shaping Control}{}% 33
\BOOKMARK [2][-]{subsection.9.1}{Coprime Factor Uncertainty Description}{section.9}% 34
\BOOKMARK [2][-]{subsection.9.2}{Robust Stabilization of Coprime Factors}{section.9}% 35
\BOOKMARK [2][-]{subsection.9.3}{Design Steps}{section.9}% 36
\BOOKMARK [2][-]{subsection.9.4}{Solvability Conditions}{section.9}% 37
\BOOKMARK [3][-]{subsubsection.9.4.1}{Generalized Plant Description}{subsection.9.4}% 38
\BOOKMARK [3][-]{subsubsection.9.4.2}{Controller Existence Conditions}{subsection.9.4}% 39
\BOOKMARK [3][-]{subsubsection.9.4.3}{Conditions for H loop-shaping design}{subsection.9.4}% 40
\BOOKMARK [3][-]{subsubsection.9.4.4}{LMI Formulation}{subsection.9.4}% 41
\BOOKMARK [2][-]{subsection.9.5}{Examples and Simulations}{section.9}% 42
\BOOKMARK [3][-]{subsubsection.9.5.1}{A BLDC Hub Motor Driving a Three Wheeled Mobile Robot}{subsection.9.5}% 43
\BOOKMARK [3][-]{subsubsection.9.5.2}{A Wheeled Mobile Robot System}{subsection.9.5}% 44
\BOOKMARK [3][-]{subsubsection.9.5.3}{F-16 Fighter Aircraft Model}{subsection.9.5}% 45
\BOOKMARK [2][-]{subsection.9.6}{Controller Design}{section.9}% 46
\BOOKMARK [1][-]{section.10}{Conclusion and Future Work}{}% 47
