\BOOKMARK [1][-]{section.1}{Introduction}{}% 1
\BOOKMARK [1][-]{section.2}{Preliminaries}{}% 2
\BOOKMARK [2][-]{subsection.2.1}{Linear\040Matrix\040Inequality}{section.2}% 3
\BOOKMARK [2][-]{subsection.2.2}{Bounded\040Real\040Lemma}{section.2}% 4
\BOOKMARK [1][-]{section.3}{LMI\040Based\040Approach\040to\040H\040Control}{}% 5
\BOOKMARK [2][-]{subsection.3.1}{Examples\040and\040Simulations}{section.3}% 6
\BOOKMARK [3][-]{subsubsection.3.1.1}{LMI\040Toolbox}{subsection.3.1}% 7
\BOOKMARK [3][-]{subsubsection.3.1.2}{YALMIP\040Toolbox}{subsection.3.1}% 8
\BOOKMARK [1][-]{section.4}{H\040Loop\040Shaping\040Control}{}% 9
\BOOKMARK [2][-]{subsection.4.1}{Coprime\040Factor\040Uncertainty\040Description}{section.4}% 10
\BOOKMARK [2][-]{subsection.4.2}{Robust\040Stabilization\040of\040Coprime\040Factors}{section.4}% 11
\BOOKMARK [2][-]{subsection.4.3}{Design\040Steps}{section.4}% 12
\BOOKMARK [2][-]{subsection.4.4}{Solvability\040Conditions}{section.4}% 13
\BOOKMARK [3][-]{subsubsection.4.4.1}{Generalized\040Plant\040Description}{subsection.4.4}% 14
\BOOKMARK [3][-]{subsubsection.4.4.2}{Controller\040Existence\040Conditions}{subsection.4.4}% 15
\BOOKMARK [3][-]{subsubsection.4.4.3}{Conditions\040for\040H\040loop-shaping\040design}{subsection.4.4}% 16
\BOOKMARK [3][-]{subsubsection.4.4.4}{LMI\040Formulation}{subsection.4.4}% 17
\BOOKMARK [2][-]{subsection.4.5}{Examples\040and\040Simulations}{section.4}% 18
\BOOKMARK [3][-]{subsubsection.4.5.1}{A\040BLDC\040Hub\040Motor\040Driving\040a\040Three\040Wheeled\040Mobile\040Robot}{subsection.4.5}% 19
\BOOKMARK [3][-]{subsubsection.4.5.2}{A\040Wheeled\040Mobile\040Robot\040System}{subsection.4.5}% 20
\BOOKMARK [3][-]{subsubsection.4.5.3}{F-16\040Fighter\040Aircraft\040Model}{subsection.4.5}% 21
\BOOKMARK [2][-]{subsection.4.6}{Controller\040Design}{section.4}% 22
\BOOKMARK [2][-]{subsection.4.7}{Controller\040Design\040Examples}{section.4}% 23
\BOOKMARK [1][-]{section.5}{Conclusions\040and\040Future\040Work}{}% 24
