\BOOKMARK [1][-]{section.1}{Introduction}{}% 1
\BOOKMARK [1][-]{section.2}{Background}{}% 2
\BOOKMARK [1][-]{section.3}{Robust Control Study : Required Math}{}% 3
\BOOKMARK [2][-]{subsection.3.1}{Norms and Normed Spaces}{section.3}% 4
\BOOKMARK [3][-]{subsubsection.3.1.1}{Types of Norms}{subsection.3.1}% 5
\BOOKMARK [2][-]{subsection.3.2}{Banach Spaces}{section.3}% 6
\BOOKMARK [3][-]{subsubsection.3.2.1}{Examples}{subsection.3.2}% 7
\BOOKMARK [2][-]{subsection.3.3}{Isometric Isomorphism}{section.3}% 8
\BOOKMARK [2][-]{subsection.3.4}{Inner Product and Inner Product Spaces}{section.3}% 9
\BOOKMARK [3][-]{subsubsection.3.4.1}{Signficance of Inner Product}{subsection.3.4}% 10
\BOOKMARK [2][-]{subsection.3.5}{Hilbert Spaces}{section.3}% 11
\BOOKMARK [3][-]{subsubsection.3.5.1}{Examples}{subsection.3.5}% 12
\BOOKMARK [2][-]{subsection.3.6}{Orthogonality}{section.3}% 13
\BOOKMARK [3][-]{subsubsection.3.6.1}{Examples}{subsection.3.6}% 14
\BOOKMARK [2][-]{subsection.3.7}{Singular Value Decomposition and Singular Value}{section.3}% 15
\BOOKMARK [2][-]{subsection.3.8}{Hardy Spaces}{section.3}% 16
\BOOKMARK [3][-]{subsubsection.3.8.1}{Examples}{subsection.3.8}% 17
\BOOKMARK [2][-]{subsection.3.9}{Power Spectral Density}{section.3}% 18
\BOOKMARK [1][-]{section.4}{Performance Specification Significance in a Control System}{}% 19
\BOOKMARK [2][-]{subsection.4.1}{Induced System Gain}{section.4}% 20
\BOOKMARK [2][-]{subsection.4.2}{Examples}{section.4}% 21
\BOOKMARK [1][-]{section.5}{Future Work, Study and Timeline}{}% 22
